[2021-05-21 09:09:06][info] [ VIEW ] /app/app/common/tpl/dispatch_jump.tpl [ array (
  0 => 'adminModuleName',
  1 => 'thisController',
  2 => 'thisAction',
  3 => 'thisRequest',
  4 => 'thisControllerJsPath',
  5 => 'autoloadJs',
  6 => 'isSuperAdmin',
  7 => 'version',
  8 => 'code',
  9 => 'msg',
  10 => 'data',
  11 => 'url',
  12 => 'wait',
) ]
[2021-05-21 09:09:07][info] [ VIEW ] /app/app/admin/view/login/index.html [ array (
  0 => 'adminModuleName',
  1 => 'thisController',
  2 => 'thisAction',
  3 => 'thisRequest',
  4 => 'thisControllerJsPath',
  5 => 'autoloadJs',
  6 => 'isSuperAdmin',
  7 => 'version',
  8 => 'captcha',
  9 => 'demo',
) ]
[2021-05-21 09:09:07][info] [ VIEW ] /app/app/admin/view/login/index.html [ array (
  0 => 'adminModuleName',
  1 => 'thisController',
  2 => 'thisAction',
  3 => 'thisRequest',
  4 => 'thisControllerJsPath',
  5 => 'autoloadJs',
  6 => 'isSuperAdmin',
  7 => 'version',
  8 => 'captcha',
  9 => 'demo',
) ]
[2021-05-21 09:09:15][info] [ VIEW ] /app/app/admin/view/index/index.html [ array (
  0 => 'adminModuleName',
  1 => 'thisController',
  2 => 'thisAction',
  3 => 'thisRequest',
  4 => 'thisControllerJsPath',
  5 => 'autoloadJs',
  6 => 'isSuperAdmin',
  7 => 'version',
  8 => 'admin',
) ]
[2021-05-21 09:09:16][info] [ VIEW ] /app/app/admin/view/index/welcome.html [ array (
  0 => 'adminModuleName',
  1 => 'thisController',
  2 => 'thisAction',
  3 => 'thisRequest',
  4 => 'thisControllerJsPath',
  5 => 'autoloadJs',
  6 => 'isSuperAdmin',
  7 => 'version',
  8 => 'quicks',
) ]
[2021-05-21 09:09:17][info] [ VIEW ] /app/app/admin/view/mall/taolijin_goods/index.html [ array (
  0 => 'adminModuleName',
  1 => 'thisController',
  2 => 'thisAction',
  3 => 'thisRequest',
  4 => 'thisControllerJsPath',
  5 => 'autoloadJs',
  6 => 'isSuperAdmin',
  7 => 'version',
  8 => 'getSystemTaobaoAccountList',
  9 => 'getCampaignTypeList',
  10 => 'getItemStatusList',
  11 => 'getModeList',
  12 => 'getStatusList',
) ]
[2021-05-21 09:09:19][info] [ VIEW ] /app/app/admin/view/mall/taolijin_goods/add.html [ array (
  0 => 'adminModuleName',
  1 => 'thisController',
  2 => 'thisAction',
  3 => 'thisRequest',
  4 => 'thisControllerJsPath',
  5 => 'autoloadJs',
  6 => 'isSuperAdmin',
  7 => 'version',
  8 => 'getSystemTaobaoAccountList',
  9 => 'getCampaignTypeList',
  10 => 'getItemStatusList',
  11 => 'getModeList',
  12 => 'getStatusList',
) ]
[2021-05-21 09:09:32][info] [ VIEW ] /app/app/admin/view/mall/taolijin_goods/index.html [ array (
  0 => 'adminModuleName',
  1 => 'thisController',
  2 => 'thisAction',
  3 => 'thisRequest',
  4 => 'thisControllerJsPath',
  5 => 'autoloadJs',
  6 => 'isSuperAdmin',
  7 => 'version',
  8 => 'getSystemTaobaoAccountList',
  9 => 'getCampaignTypeList',
  10 => 'getItemStatusList',
  11 => 'getModeList',
  12 => 'getStatusList',
) ]
[2021-05-21 09:25:52][info] [ VIEW ] /app/app/admin/view/mall/taolijin_goods/add.html [ array (
  0 => 'adminModuleName',
  1 => 'thisController',
  2 => 'thisAction',
  3 => 'thisRequest',
  4 => 'thisControllerJsPath',
  5 => 'autoloadJs',
  6 => 'isSuperAdmin',
  7 => 'version',
  8 => 'getSystemTaobaoAccountList',
  9 => 'getCampaignTypeList',
  10 => 'getItemStatusList',
  11 => 'getModeList',
  12 => 'getStatusList',
) ]
[2021-05-21 10:47:11][info] [ VIEW ] /app/app/admin/view/mall/taolijin_goods/add.html [ array (
  0 => 'adminModuleName',
  1 => 'thisController',
  2 => 'thisAction',
  3 => 'thisRequest',
  4 => 'thisControllerJsPath',
  5 => 'autoloadJs',
  6 => 'isSuperAdmin',
  7 => 'version',
  8 => 'getSystemTaobaoAccountList',
  9 => 'getCampaignTypeList',
  10 => 'getItemStatusList',
  11 => 'getModeList',
  12 => 'getStatusList',
) ]
[2021-05-21 11:09:39][info] [ VIEW ] /app/app/admin/view/mall/taolijin_goods/add.html [ array (
  0 => 'adminModuleName',
  1 => 'thisController',
  2 => 'thisAction',
  3 => 'thisRequest',
  4 => 'thisControllerJsPath',
  5 => 'autoloadJs',
  6 => 'isSuperAdmin',
  7 => 'version',
  8 => 'getSystemTaobaoAccountList',
  9 => 'getCampaignTypeList',
  10 => 'getItemStatusList',
  11 => 'getModeList',
  12 => 'getStatusList',
) ]
[2021-05-21 11:09:55][info] [ VIEW ] /app/app/admin/view/mall/taolijin_goods/index.html [ array (
  0 => 'adminModuleName',
  1 => 'thisController',
  2 => 'thisAction',
  3 => 'thisRequest',
  4 => 'thisControllerJsPath',
  5 => 'autoloadJs',
  6 => 'isSuperAdmin',
  7 => 'version',
  8 => 'getSystemTaobaoAccountList',
  9 => 'getCampaignTypeList',
  10 => 'getItemStatusList',
  11 => 'getModeList',
  12 => 'getStatusList',
) ]
[2021-05-21 11:27:19][info] [ VIEW ] /app/app/admin/view/mall/taolijin_goods/add.html [ array (
  0 => 'adminModuleName',
  1 => 'thisController',
  2 => 'thisAction',
  3 => 'thisRequest',
  4 => 'thisControllerJsPath',
  5 => 'autoloadJs',
  6 => 'isSuperAdmin',
  7 => 'version',
  8 => 'getSystemTaobaoAccountList',
  9 => 'getCampaignTypeList',
  10 => 'getItemStatusList',
  11 => 'getModeList',
  12 => 'getStatusList',
) ]
[2021-05-21 11:28:37][info] [ VIEW ] /app/app/admin/view/mall/taolijin_goods/add.html [ array (
  0 => 'adminModuleName',
  1 => 'thisController',
  2 => 'thisAction',
  3 => 'thisRequest',
  4 => 'thisControllerJsPath',
  5 => 'autoloadJs',
  6 => 'isSuperAdmin',
  7 => 'version',
  8 => 'getSystemTaobaoAccountList',
  9 => 'getCampaignTypeList',
  10 => 'getItemStatusList',
  11 => 'getModeList',
  12 => 'getStatusList',
) ]
[2021-05-21 11:28:59][info] [ VIEW ] /app/app/admin/view/mall/taolijin_goods/index.html [ array (
  0 => 'adminModuleName',
  1 => 'thisController',
  2 => 'thisAction',
  3 => 'thisRequest',
  4 => 'thisControllerJsPath',
  5 => 'autoloadJs',
  6 => 'isSuperAdmin',
  7 => 'version',
  8 => 'getSystemTaobaoAccountList',
  9 => 'getCampaignTypeList',
  10 => 'getItemStatusList',
  11 => 'getModeList',
  12 => 'getStatusList',
) ]
[2021-05-21 11:30:41][info] [ VIEW ] /app/app/admin/view/mall/taolijin_goods/add.html [ array (
  0 => 'adminModuleName',
  1 => 'thisController',
  2 => 'thisAction',
  3 => 'thisRequest',
  4 => 'thisControllerJsPath',
  5 => 'autoloadJs',
  6 => 'isSuperAdmin',
  7 => 'version',
  8 => 'getSystemTaobaoAccountList',
  9 => 'getCampaignTypeList',
  10 => 'getItemStatusList',
  11 => 'getModeList',
  12 => 'getStatusList',
) ]
[2021-05-21 11:31:03][info] [ VIEW ] /app/app/admin/view/mall/taolijin_goods/index.html [ array (
  0 => 'adminModuleName',
  1 => 'thisController',
  2 => 'thisAction',
  3 => 'thisRequest',
  4 => 'thisControllerJsPath',
  5 => 'autoloadJs',
  6 => 'isSuperAdmin',
  7 => 'version',
  8 => 'getSystemTaobaoAccountList',
  9 => 'getCampaignTypeList',
  10 => 'getItemStatusList',
  11 => 'getModeList',
  12 => 'getStatusList',
) ]
[2021-05-21 11:31:25][info] [ VIEW ] /app/app/admin/view/mall/taolijin_goods/edit.html [ array (
  0 => 'adminModuleName',
  1 => 'thisController',
  2 => 'thisAction',
  3 => 'thisRequest',
  4 => 'thisControllerJsPath',
  5 => 'autoloadJs',
  6 => 'isSuperAdmin',
  7 => 'version',
  8 => 'getSystemTaobaoAccountList',
  9 => 'getCampaignTypeList',
  10 => 'getItemStatusList',
  11 => 'getModeList',
  12 => 'getStatusList',
  13 => 'row',
) ]
[2021-05-21 11:44:30][info] [ VIEW ] /app/app/admin/view/mall/taolijin_goods/edit.html [ array (
  0 => 'adminModuleName',
  1 => 'thisController',
  2 => 'thisAction',
  3 => 'thisRequest',
  4 => 'thisControllerJsPath',
  5 => 'autoloadJs',
  6 => 'isSuperAdmin',
  7 => 'version',
  8 => 'getSystemTaobaoAccountList',
  9 => 'getCampaignTypeList',
  10 => 'getItemStatusList',
  11 => 'getModeList',
  12 => 'getStatusList',
  13 => 'row',
) ]
[2021-05-21 11:47:40][info] [ VIEW ] /app/app/admin/view/mall/taolijin_goods/edit.html [ array (
  0 => 'adminModuleName',
  1 => 'thisController',
  2 => 'thisAction',
  3 => 'thisRequest',
  4 => 'thisControllerJsPath',
  5 => 'autoloadJs',
  6 => 'isSuperAdmin',
  7 => 'version',
  8 => 'getSystemTaobaoAccountList',
  9 => 'getCampaignTypeList',
  10 => 'getItemStatusList',
  11 => 'getModeList',
  12 => 'getStatusList',
  13 => 'row',
) ]
[2021-05-21 11:49:12][info] [ VIEW ] /app/app/admin/view/mall/taolijin_goods/add.html [ array (
  0 => 'adminModuleName',
  1 => 'thisController',
  2 => 'thisAction',
  3 => 'thisRequest',
  4 => 'thisControllerJsPath',
  5 => 'autoloadJs',
  6 => 'isSuperAdmin',
  7 => 'version',
  8 => 'getSystemTaobaoAccountList',
  9 => 'getCampaignTypeList',
  10 => 'getItemStatusList',
  11 => 'getModeList',
  12 => 'getStatusList',
) ]
[2021-05-21 13:15:41][info] [ VIEW ] /app/app/admin/view/mall/taolijin_goods/add.html [ array (
  0 => 'adminModuleName',
  1 => 'thisController',
  2 => 'thisAction',
  3 => 'thisRequest',
  4 => 'thisControllerJsPath',
  5 => 'autoloadJs',
  6 => 'isSuperAdmin',
  7 => 'version',
  8 => 'getSystemTaobaoAccountList',
  9 => 'getCampaignTypeList',
  10 => 'getItemStatusList',
  11 => 'getModeList',
  12 => 'getStatusList',
) ]
[2021-05-21 13:16:17][info] [ VIEW ] /app/app/admin/view/mall/taolijin_goods/index.html [ array (
  0 => 'adminModuleName',
  1 => 'thisController',
  2 => 'thisAction',
  3 => 'thisRequest',
  4 => 'thisControllerJsPath',
  5 => 'autoloadJs',
  6 => 'isSuperAdmin',
  7 => 'version',
  8 => 'getSystemTaobaoAccountList',
  9 => 'getCampaignTypeList',
  10 => 'getItemStatusList',
  11 => 'getModeList',
  12 => 'getStatusList',
) ]
[2021-05-21 13:23:06][info] [ VIEW ] /app/app/admin/view/mall/taolijin_goods/edit.html [ array (
  0 => 'adminModuleName',
  1 => 'thisController',
  2 => 'thisAction',
  3 => 'thisRequest',
  4 => 'thisControllerJsPath',
  5 => 'autoloadJs',
  6 => 'isSuperAdmin',
  7 => 'version',
  8 => 'getSystemTaobaoAccountList',
  9 => 'getCampaignTypeList',
  10 => 'getItemStatusList',
  11 => 'getModeList',
  12 => 'getStatusList',
  13 => 'row',
) ]
[2021-05-21 14:01:32][info] [ VIEW ] /app/app/common/tpl/dispatch_jump.tpl [ array (
  0 => 'adminModuleName',
  1 => 'thisController',
  2 => 'thisAction',
  3 => 'thisRequest',
  4 => 'thisControllerJsPath',
  5 => 'autoloadJs',
  6 => 'isSuperAdmin',
  7 => 'version',
  8 => 'code',
  9 => 'msg',
  10 => 'data',
  11 => 'url',
  12 => 'wait',
) ]
[2021-05-21 14:01:34][info] [ VIEW ] /app/app/admin/view/login/index.html [ array (
  0 => 'adminModuleName',
  1 => 'thisController',
  2 => 'thisAction',
  3 => 'thisRequest',
  4 => 'thisControllerJsPath',
  5 => 'autoloadJs',
  6 => 'isSuperAdmin',
  7 => 'version',
  8 => 'captcha',
  9 => 'demo',
) ]
[2021-05-21 14:01:42][info] [ VIEW ] /app/app/admin/view/index/index.html [ array (
  0 => 'adminModuleName',
  1 => 'thisController',
  2 => 'thisAction',
  3 => 'thisRequest',
  4 => 'thisControllerJsPath',
  5 => 'autoloadJs',
  6 => 'isSuperAdmin',
  7 => 'version',
  8 => 'admin',
) ]
[2021-05-21 14:01:43][info] [ VIEW ] /app/app/admin/view/index/welcome.html [ array (
  0 => 'adminModuleName',
  1 => 'thisController',
  2 => 'thisAction',
  3 => 'thisRequest',
  4 => 'thisControllerJsPath',
  5 => 'autoloadJs',
  6 => 'isSuperAdmin',
  7 => 'version',
  8 => 'quicks',
) ]
[2021-05-21 14:02:28][info] [ VIEW ] /app/app/common/tpl/dispatch_jump.tpl [ array (
  0 => 'adminModuleName',
  1 => 'thisController',
  2 => 'thisAction',
  3 => 'thisRequest',
  4 => 'thisControllerJsPath',
  5 => 'autoloadJs',
  6 => 'isSuperAdmin',
  7 => 'version',
  8 => 'code',
  9 => 'msg',
  10 => 'data',
  11 => 'url',
  12 => 'wait',
) ]
[2021-05-21 14:02:31][info] [ VIEW ] /app/app/admin/view/login/index.html [ array (
  0 => 'adminModuleName',
  1 => 'thisController',
  2 => 'thisAction',
  3 => 'thisRequest',
  4 => 'thisControllerJsPath',
  5 => 'autoloadJs',
  6 => 'isSuperAdmin',
  7 => 'version',
  8 => 'captcha',
  9 => 'demo',
) ]
[2021-05-21 14:04:33][info] [ VIEW ] /app/app/admin/view/mall/taolijin_goods/index.html [ array (
  0 => 'adminModuleName',
  1 => 'thisController',
  2 => 'thisAction',
  3 => 'thisRequest',
  4 => 'thisControllerJsPath',
  5 => 'autoloadJs',
  6 => 'isSuperAdmin',
  7 => 'version',
  8 => 'getSystemTaobaoAccountList',
  9 => 'getCampaignTypeList',
  10 => 'getItemStatusList',
  11 => 'getModeList',
  12 => 'getStatusList',
) ]
[2021-05-21 14:04:34][info] [ VIEW ] /app/app/admin/view/mall/taolijin_goods/add.html [ array (
  0 => 'adminModuleName',
  1 => 'thisController',
  2 => 'thisAction',
  3 => 'thisRequest',
  4 => 'thisControllerJsPath',
  5 => 'autoloadJs',
  6 => 'isSuperAdmin',
  7 => 'version',
  8 => 'getSystemTaobaoAccountList',
  9 => 'getCampaignTypeList',
  10 => 'getItemStatusList',
  11 => 'getModeList',
  12 => 'getStatusList',
) ]
[2021-05-21 14:04:46][info] [ VIEW ] /app/app/admin/view/mall/taolijin_goods/index.html [ array (
  0 => 'adminModuleName',
  1 => 'thisController',
  2 => 'thisAction',
  3 => 'thisRequest',
  4 => 'thisControllerJsPath',
  5 => 'autoloadJs',
  6 => 'isSuperAdmin',
  7 => 'version',
  8 => 'getSystemTaobaoAccountList',
  9 => 'getCampaignTypeList',
  10 => 'getItemStatusList',
  11 => 'getModeList',
  12 => 'getStatusList',
) ]
[2021-05-21 14:39:05][info] [ VIEW ] /app/app/admin/view/mall/taolijin_goods/add.html [ array (
  0 => 'adminModuleName',
  1 => 'thisController',
  2 => 'thisAction',
  3 => 'thisRequest',
  4 => 'thisControllerJsPath',
  5 => 'autoloadJs',
  6 => 'isSuperAdmin',
  7 => 'version',
  8 => 'getSystemTaobaoAccountList',
  9 => 'getCampaignTypeList',
  10 => 'getItemStatusList',
  11 => 'getModeList',
  12 => 'getStatusList',
) ]
[2021-05-21 14:39:19][info] [ VIEW ] /app/app/admin/view/mall/taolijin_goods/index.html [ array (
  0 => 'adminModuleName',
  1 => 'thisController',
  2 => 'thisAction',
  3 => 'thisRequest',
  4 => 'thisControllerJsPath',
  5 => 'autoloadJs',
  6 => 'isSuperAdmin',
  7 => 'version',
  8 => 'getSystemTaobaoAccountList',
  9 => 'getCampaignTypeList',
  10 => 'getItemStatusList',
  11 => 'getModeList',
  12 => 'getStatusList',
) ]
[2021-05-21 14:39:32][info] [ VIEW ] /app/app/admin/view/mall/taolijin_goods/add.html [ array (
  0 => 'adminModuleName',
  1 => 'thisController',
  2 => 'thisAction',
  3 => 'thisRequest',
  4 => 'thisControllerJsPath',
  5 => 'autoloadJs',
  6 => 'isSuperAdmin',
  7 => 'version',
  8 => 'getSystemTaobaoAccountList',
  9 => 'getCampaignTypeList',
  10 => 'getItemStatusList',
  11 => 'getModeList',
  12 => 'getStatusList',
) ]
[2021-05-21 14:39:47][info] [ VIEW ] /app/app/admin/view/mall/taolijin_goods/index.html [ array (
  0 => 'adminModuleName',
  1 => 'thisController',
  2 => 'thisAction',
  3 => 'thisRequest',
  4 => 'thisControllerJsPath',
  5 => 'autoloadJs',
  6 => 'isSuperAdmin',
  7 => 'version',
  8 => 'getSystemTaobaoAccountList',
  9 => 'getCampaignTypeList',
  10 => 'getItemStatusList',
  11 => 'getModeList',
  12 => 'getStatusList',
) ]
[2021-05-21 15:23:06][info] [ VIEW ] /app/app/admin/view/mall/taolijin_goods/add.html [ array (
  0 => 'adminModuleName',
  1 => 'thisController',
  2 => 'thisAction',
  3 => 'thisRequest',
  4 => 'thisControllerJsPath',
  5 => 'autoloadJs',
  6 => 'isSuperAdmin',
  7 => 'version',
  8 => 'getSystemTaobaoAccountList',
  9 => 'getCampaignTypeList',
  10 => 'getItemStatusList',
  11 => 'getModeList',
  12 => 'getStatusList',
) ]
[2021-05-21 15:23:24][info] [ VIEW ] /app/app/admin/view/mall/taolijin_goods/index.html [ array (
  0 => 'adminModuleName',
  1 => 'thisController',
  2 => 'thisAction',
  3 => 'thisRequest',
  4 => 'thisControllerJsPath',
  5 => 'autoloadJs',
  6 => 'isSuperAdmin',
  7 => 'version',
  8 => 'getSystemTaobaoAccountList',
  9 => 'getCampaignTypeList',
  10 => 'getItemStatusList',
  11 => 'getModeList',
  12 => 'getStatusList',
) ]
[2021-05-21 15:40:33][info] [ VIEW ] /app/app/admin/view/mall/taolijin_goods/add.html [ array (
  0 => 'adminModuleName',
  1 => 'thisController',
  2 => 'thisAction',
  3 => 'thisRequest',
  4 => 'thisControllerJsPath',
  5 => 'autoloadJs',
  6 => 'isSuperAdmin',
  7 => 'version',
  8 => 'getSystemTaobaoAccountList',
  9 => 'getCampaignTypeList',
  10 => 'getItemStatusList',
  11 => 'getModeList',
  12 => 'getStatusList',
) ]
[2021-05-21 15:40:49][info] [ VIEW ] /app/app/admin/view/mall/taolijin_goods/index.html [ array (
  0 => 'adminModuleName',
  1 => 'thisController',
  2 => 'thisAction',
  3 => 'thisRequest',
  4 => 'thisControllerJsPath',
  5 => 'autoloadJs',
  6 => 'isSuperAdmin',
  7 => 'version',
  8 => 'getSystemTaobaoAccountList',
  9 => 'getCampaignTypeList',
  10 => 'getItemStatusList',
  11 => 'getModeList',
  12 => 'getStatusList',
) ]
[2021-05-21 16:18:38][info] [ VIEW ] /app/app/admin/view/mall/taolijin_goods/add.html [ array (
  0 => 'adminModuleName',
  1 => 'thisController',
  2 => 'thisAction',
  3 => 'thisRequest',
  4 => 'thisControllerJsPath',
  5 => 'autoloadJs',
  6 => 'isSuperAdmin',
  7 => 'version',
  8 => 'getSystemTaobaoAccountList',
  9 => 'getCampaignTypeList',
  10 => 'getItemStatusList',
  11 => 'getModeList',
  12 => 'getStatusList',
) ]
[2021-05-21 16:18:51][info] [ VIEW ] /app/app/admin/view/mall/taolijin_goods/index.html [ array (
  0 => 'adminModuleName',
  1 => 'thisController',
  2 => 'thisAction',
  3 => 'thisRequest',
  4 => 'thisControllerJsPath',
  5 => 'autoloadJs',
  6 => 'isSuperAdmin',
  7 => 'version',
  8 => 'getSystemTaobaoAccountList',
  9 => 'getCampaignTypeList',
  10 => 'getItemStatusList',
  11 => 'getModeList',
  12 => 'getStatusList',
) ]
[2021-05-21 16:20:09][info] [ VIEW ] /app/app/admin/view/mall/taolijin_goods/add.html [ array (
  0 => 'adminModuleName',
  1 => 'thisController',
  2 => 'thisAction',
  3 => 'thisRequest',
  4 => 'thisControllerJsPath',
  5 => 'autoloadJs',
  6 => 'isSuperAdmin',
  7 => 'version',
  8 => 'getSystemTaobaoAccountList',
  9 => 'getCampaignTypeList',
  10 => 'getItemStatusList',
  11 => 'getModeList',
  12 => 'getStatusList',
) ]
[2021-05-21 16:24:43][info] [ VIEW ] /app/app/admin/view/mall/taolijin_goods/add.html [ array (
  0 => 'adminModuleName',
  1 => 'thisController',
  2 => 'thisAction',
  3 => 'thisRequest',
  4 => 'thisControllerJsPath',
  5 => 'autoloadJs',
  6 => 'isSuperAdmin',
  7 => 'version',
  8 => 'getSystemTaobaoAccountList',
  9 => 'getCampaignTypeList',
  10 => 'getItemStatusList',
  11 => 'getModeList',
  12 => 'getStatusList',
) ]
[2021-05-21 16:40:08][info] [ VIEW ] /app/app/admin/view/mall/taolijin_goods/add.html [ array (
  0 => 'adminModuleName',
  1 => 'thisController',
  2 => 'thisAction',
  3 => 'thisRequest',
  4 => 'thisControllerJsPath',
  5 => 'autoloadJs',
  6 => 'isSuperAdmin',
  7 => 'version',
  8 => 'getSystemTaobaoAccountList',
  9 => 'getCampaignTypeList',
  10 => 'getItemStatusList',
  11 => 'getModeList',
  12 => 'getStatusList',
) ]
[2021-05-21 16:40:28][info] [ VIEW ] /app/app/admin/view/mall/taolijin_goods/index.html [ array (
  0 => 'adminModuleName',
  1 => 'thisController',
  2 => 'thisAction',
  3 => 'thisRequest',
  4 => 'thisControllerJsPath',
  5 => 'autoloadJs',
  6 => 'isSuperAdmin',
  7 => 'version',
  8 => 'getSystemTaobaoAccountList',
  9 => 'getCampaignTypeList',
  10 => 'getItemStatusList',
  11 => 'getModeList',
  12 => 'getStatusList',
) ]
[2021-05-21 16:43:31][info] [ VIEW ] /app/app/admin/view/mall/taolijin_goods/add.html [ array (
  0 => 'adminModuleName',
  1 => 'thisController',
  2 => 'thisAction',
  3 => 'thisRequest',
  4 => 'thisControllerJsPath',
  5 => 'autoloadJs',
  6 => 'isSuperAdmin',
  7 => 'version',
  8 => 'getSystemTaobaoAccountList',
  9 => 'getCampaignTypeList',
  10 => 'getItemStatusList',
  11 => 'getModeList',
  12 => 'getStatusList',
) ]
[2021-05-21 17:19:59][info] [ VIEW ] /app/app/admin/view/mall/taolijin_goods/add.html [ array (
  0 => 'adminModuleName',
  1 => 'thisController',
  2 => 'thisAction',
  3 => 'thisRequest',
  4 => 'thisControllerJsPath',
  5 => 'autoloadJs',
  6 => 'isSuperAdmin',
  7 => 'version',
  8 => 'getSystemTaobaoAccountList',
  9 => 'getCampaignTypeList',
  10 => 'getItemStatusList',
  11 => 'getModeList',
  12 => 'getStatusList',
) ]
