[2021-05-30 06:32:35][info] [ VIEW ] /app/app/admin/view/login/index.html [ array (
  0 => 'adminModuleName',
  1 => 'thisController',
  2 => 'thisAction',
  3 => 'thisRequest',
  4 => 'thisControllerJsPath',
  5 => 'autoloadJs',
  6 => 'isSuperAdmin',
  7 => 'version',
  8 => 'captcha',
  9 => 'demo',
) ]
[2021-05-30 08:18:38][info] [ VIEW ] /app/app/common/tpl/dispatch_jump.tpl [ array (
  0 => 'adminModuleName',
  1 => 'thisController',
  2 => 'thisAction',
  3 => 'thisRequest',
  4 => 'thisControllerJsPath',
  5 => 'autoloadJs',
  6 => 'isSuperAdmin',
  7 => 'version',
  8 => 'code',
  9 => 'msg',
  10 => 'data',
  11 => 'url',
  12 => 'wait',
) ]
[2021-05-30 08:18:39][info] [ VIEW ] /app/app/admin/view/login/index.html [ array (
  0 => 'adminModuleName',
  1 => 'thisController',
  2 => 'thisAction',
  3 => 'thisRequest',
  4 => 'thisControllerJsPath',
  5 => 'autoloadJs',
  6 => 'isSuperAdmin',
  7 => 'version',
  8 => 'captcha',
  9 => 'demo',
) ]
[2021-05-30 08:18:41][info] [ VIEW ] /app/app/admin/view/login/index.html [ array (
  0 => 'adminModuleName',
  1 => 'thisController',
  2 => 'thisAction',
  3 => 'thisRequest',
  4 => 'thisControllerJsPath',
  5 => 'autoloadJs',
  6 => 'isSuperAdmin',
  7 => 'version',
  8 => 'captcha',
  9 => 'demo',
) ]
[2021-05-30 08:18:50][info] [ VIEW ] /app/app/admin/view/login/index.html [ array (
  0 => 'adminModuleName',
  1 => 'thisController',
  2 => 'thisAction',
  3 => 'thisRequest',
  4 => 'thisControllerJsPath',
  5 => 'autoloadJs',
  6 => 'isSuperAdmin',
  7 => 'version',
  8 => 'captcha',
  9 => 'demo',
) ]
[2021-05-30 08:19:01][info] [ VIEW ] /app/app/admin/view/index/index.html [ array (
  0 => 'adminModuleName',
  1 => 'thisController',
  2 => 'thisAction',
  3 => 'thisRequest',
  4 => 'thisControllerJsPath',
  5 => 'autoloadJs',
  6 => 'isSuperAdmin',
  7 => 'version',
  8 => 'admin',
) ]
[2021-05-30 08:19:05][info] [ VIEW ] /app/app/admin/view/index/welcome.html [ array (
  0 => 'adminModuleName',
  1 => 'thisController',
  2 => 'thisAction',
  3 => 'thisRequest',
  4 => 'thisControllerJsPath',
  5 => 'autoloadJs',
  6 => 'isSuperAdmin',
  7 => 'version',
  8 => 'quicks',
) ]
[2021-05-30 08:19:08][info] [ VIEW ] /app/app/admin/view/mall/taolijin_goods/index.html [ array (
  0 => 'adminModuleName',
  1 => 'thisController',
  2 => 'thisAction',
  3 => 'thisRequest',
  4 => 'thisControllerJsPath',
  5 => 'autoloadJs',
  6 => 'isSuperAdmin',
  7 => 'version',
  8 => 'getSystemTaobaoAccountList',
  9 => 'getCampaignTypeList',
  10 => 'getItemStatusList',
  11 => 'getModeList',
  12 => 'getStatusList',
) ]
[2021-05-30 08:19:26][info] [ VIEW ] /app/app/admin/view/mall/taolijin_goods/add.html [ array (
  0 => 'adminModuleName',
  1 => 'thisController',
  2 => 'thisAction',
  3 => 'thisRequest',
  4 => 'thisControllerJsPath',
  5 => 'autoloadJs',
  6 => 'isSuperAdmin',
  7 => 'version',
  8 => 'getSystemTaobaoAccountList',
  9 => 'getCampaignTypeList',
  10 => 'getItemStatusList',
  11 => 'getModeList',
  12 => 'getStatusList',
) ]
[2021-05-30 08:20:11][info] [ VIEW ] /app/app/admin/view/mall/taolijin_goods/index.html [ array (
  0 => 'adminModuleName',
  1 => 'thisController',
  2 => 'thisAction',
  3 => 'thisRequest',
  4 => 'thisControllerJsPath',
  5 => 'autoloadJs',
  6 => 'isSuperAdmin',
  7 => 'version',
  8 => 'getSystemTaobaoAccountList',
  9 => 'getCampaignTypeList',
  10 => 'getItemStatusList',
  11 => 'getModeList',
  12 => 'getStatusList',
) ]
[2021-05-30 08:23:16][info] [ VIEW ] /app/app/admin/view/index/index.html [ array (
  0 => 'adminModuleName',
  1 => 'thisController',
  2 => 'thisAction',
  3 => 'thisRequest',
  4 => 'thisControllerJsPath',
  5 => 'autoloadJs',
  6 => 'isSuperAdmin',
  7 => 'version',
  8 => 'admin',
) ]
[2021-05-30 08:23:17][info] [ VIEW ] /app/app/admin/view/index/welcome.html [ array (
  0 => 'adminModuleName',
  1 => 'thisController',
  2 => 'thisAction',
  3 => 'thisRequest',
  4 => 'thisControllerJsPath',
  5 => 'autoloadJs',
  6 => 'isSuperAdmin',
  7 => 'version',
  8 => 'quicks',
) ]
[2021-05-30 08:23:17][info] [ VIEW ] /app/app/admin/view/mall/taolijin_goods/index.html [ array (
  0 => 'adminModuleName',
  1 => 'thisController',
  2 => 'thisAction',
  3 => 'thisRequest',
  4 => 'thisControllerJsPath',
  5 => 'autoloadJs',
  6 => 'isSuperAdmin',
  7 => 'version',
  8 => 'getSystemTaobaoAccountList',
  9 => 'getCampaignTypeList',
  10 => 'getItemStatusList',
  11 => 'getModeList',
  12 => 'getStatusList',
) ]
[2021-05-30 14:03:18][info] [ VIEW ] /app/app/admin/view/index/index.html [ array (
  0 => 'adminModuleName',
  1 => 'thisController',
  2 => 'thisAction',
  3 => 'thisRequest',
  4 => 'thisControllerJsPath',
  5 => 'autoloadJs',
  6 => 'isSuperAdmin',
  7 => 'version',
  8 => 'admin',
) ]
[2021-05-30 14:03:27][info] [ VIEW ] /app/app/admin/view/index/welcome.html [ array (
  0 => 'adminModuleName',
  1 => 'thisController',
  2 => 'thisAction',
  3 => 'thisRequest',
  4 => 'thisControllerJsPath',
  5 => 'autoloadJs',
  6 => 'isSuperAdmin',
  7 => 'version',
  8 => 'quicks',
) ]
[2021-05-30 14:03:27][info] [ VIEW ] /app/app/admin/view/mall/taolijin_goods/index.html [ array (
  0 => 'adminModuleName',
  1 => 'thisController',
  2 => 'thisAction',
  3 => 'thisRequest',
  4 => 'thisControllerJsPath',
  5 => 'autoloadJs',
  6 => 'isSuperAdmin',
  7 => 'version',
  8 => 'getSystemTaobaoAccountList',
  9 => 'getCampaignTypeList',
  10 => 'getItemStatusList',
  11 => 'getModeList',
  12 => 'getStatusList',
) ]
[2021-05-30 14:03:29][info] [ VIEW ] /app/app/admin/view/mall/taolijin_goods/add.html [ array (
  0 => 'adminModuleName',
  1 => 'thisController',
  2 => 'thisAction',
  3 => 'thisRequest',
  4 => 'thisControllerJsPath',
  5 => 'autoloadJs',
  6 => 'isSuperAdmin',
  7 => 'version',
  8 => 'getSystemTaobaoAccountList',
  9 => 'getCampaignTypeList',
  10 => 'getItemStatusList',
  11 => 'getModeList',
  12 => 'getStatusList',
) ]
[2021-05-30 14:05:28][info] [ VIEW ] /app/app/admin/view/index/welcome.html [ array (
  0 => 'adminModuleName',
  1 => 'thisController',
  2 => 'thisAction',
  3 => 'thisRequest',
  4 => 'thisControllerJsPath',
  5 => 'autoloadJs',
  6 => 'isSuperAdmin',
  7 => 'version',
  8 => 'quicks',
) ]
[2021-05-30 15:49:44][info] [ VIEW ] /app/app/admin/view/index/index.html [ array (
  0 => 'adminModuleName',
  1 => 'thisController',
  2 => 'thisAction',
  3 => 'thisRequest',
  4 => 'thisControllerJsPath',
  5 => 'autoloadJs',
  6 => 'isSuperAdmin',
  7 => 'version',
  8 => 'admin',
) ]
[2021-05-30 15:49:45][info] [ VIEW ] /app/app/admin/view/index/welcome.html [ array (
  0 => 'adminModuleName',
  1 => 'thisController',
  2 => 'thisAction',
  3 => 'thisRequest',
  4 => 'thisControllerJsPath',
  5 => 'autoloadJs',
  6 => 'isSuperAdmin',
  7 => 'version',
  8 => 'quicks',
) ]
[2021-05-30 15:49:48][info] [ VIEW ] /app/app/admin/view/mall/taolijin_goods/index.html [ array (
  0 => 'adminModuleName',
  1 => 'thisController',
  2 => 'thisAction',
  3 => 'thisRequest',
  4 => 'thisControllerJsPath',
  5 => 'autoloadJs',
  6 => 'isSuperAdmin',
  7 => 'version',
  8 => 'getSystemTaobaoAccountList',
  9 => 'getCampaignTypeList',
  10 => 'getItemStatusList',
  11 => 'getModeList',
  12 => 'getStatusList',
) ]
[2021-05-30 15:49:49][info] [ VIEW ] /app/app/admin/view/mall/taolijin_goods/add.html [ array (
  0 => 'adminModuleName',
  1 => 'thisController',
  2 => 'thisAction',
  3 => 'thisRequest',
  4 => 'thisControllerJsPath',
  5 => 'autoloadJs',
  6 => 'isSuperAdmin',
  7 => 'version',
  8 => 'getSystemTaobaoAccountList',
  9 => 'getCampaignTypeList',
  10 => 'getItemStatusList',
  11 => 'getModeList',
  12 => 'getStatusList',
) ]
[2021-05-30 15:50:08][info] [ VIEW ] /app/app/admin/view/mall/taolijin_goods/index.html [ array (
  0 => 'adminModuleName',
  1 => 'thisController',
  2 => 'thisAction',
  3 => 'thisRequest',
  4 => 'thisControllerJsPath',
  5 => 'autoloadJs',
  6 => 'isSuperAdmin',
  7 => 'version',
  8 => 'getSystemTaobaoAccountList',
  9 => 'getCampaignTypeList',
  10 => 'getItemStatusList',
  11 => 'getModeList',
  12 => 'getStatusList',
) ]
[2021-05-30 15:50:31][info] [ VIEW ] /app/app/admin/view/mall/taolijin_goods/index.html [ array (
  0 => 'adminModuleName',
  1 => 'thisController',
  2 => 'thisAction',
  3 => 'thisRequest',
  4 => 'thisControllerJsPath',
  5 => 'autoloadJs',
  6 => 'isSuperAdmin',
  7 => 'version',
  8 => 'getSystemTaobaoAccountList',
  9 => 'getCampaignTypeList',
  10 => 'getItemStatusList',
  11 => 'getModeList',
  12 => 'getStatusList',
) ]
