[2021-05-29 00:02:02][info] [ VIEW ] /app/app/common/tpl/dispatch_jump.tpl [ array (
  0 => 'adminModuleName',
  1 => 'thisController',
  2 => 'thisAction',
  3 => 'thisRequest',
  4 => 'thisControllerJsPath',
  5 => 'autoloadJs',
  6 => 'isSuperAdmin',
  7 => 'version',
  8 => 'code',
  9 => 'msg',
  10 => 'data',
  11 => 'url',
  12 => 'wait',
) ]
[2021-05-29 00:02:04][info] [ VIEW ] /app/app/admin/view/login/index.html [ array (
  0 => 'adminModuleName',
  1 => 'thisController',
  2 => 'thisAction',
  3 => 'thisRequest',
  4 => 'thisControllerJsPath',
  5 => 'autoloadJs',
  6 => 'isSuperAdmin',
  7 => 'version',
  8 => 'captcha',
  9 => 'demo',
) ]
[2021-05-29 00:02:06][info] [ VIEW ] /app/app/admin/view/login/index.html [ array (
  0 => 'adminModuleName',
  1 => 'thisController',
  2 => 'thisAction',
  3 => 'thisRequest',
  4 => 'thisControllerJsPath',
  5 => 'autoloadJs',
  6 => 'isSuperAdmin',
  7 => 'version',
  8 => 'captcha',
  9 => 'demo',
) ]
[2021-05-29 00:02:11][info] [ VIEW ] /app/app/admin/view/login/index.html [ array (
  0 => 'adminModuleName',
  1 => 'thisController',
  2 => 'thisAction',
  3 => 'thisRequest',
  4 => 'thisControllerJsPath',
  5 => 'autoloadJs',
  6 => 'isSuperAdmin',
  7 => 'version',
  8 => 'captcha',
  9 => 'demo',
) ]
[2021-05-29 00:02:24][info] [ VIEW ] /app/app/admin/view/index/index.html [ array (
  0 => 'adminModuleName',
  1 => 'thisController',
  2 => 'thisAction',
  3 => 'thisRequest',
  4 => 'thisControllerJsPath',
  5 => 'autoloadJs',
  6 => 'isSuperAdmin',
  7 => 'version',
  8 => 'admin',
) ]
[2021-05-29 00:02:29][info] [ VIEW ] /app/app/admin/view/index/welcome.html [ array (
  0 => 'adminModuleName',
  1 => 'thisController',
  2 => 'thisAction',
  3 => 'thisRequest',
  4 => 'thisControllerJsPath',
  5 => 'autoloadJs',
  6 => 'isSuperAdmin',
  7 => 'version',
  8 => 'quicks',
) ]
[2021-05-29 00:02:31][info] [ VIEW ] /app/app/admin/view/mall/taolijin_goods/index.html [ array (
  0 => 'adminModuleName',
  1 => 'thisController',
  2 => 'thisAction',
  3 => 'thisRequest',
  4 => 'thisControllerJsPath',
  5 => 'autoloadJs',
  6 => 'isSuperAdmin',
  7 => 'version',
  8 => 'getSystemTaobaoAccountList',
  9 => 'getCampaignTypeList',
  10 => 'getItemStatusList',
  11 => 'getModeList',
  12 => 'getStatusList',
) ]
[2021-05-29 00:02:32][info] [ VIEW ] /app/app/admin/view/mall/taolijin_goods/add.html [ array (
  0 => 'adminModuleName',
  1 => 'thisController',
  2 => 'thisAction',
  3 => 'thisRequest',
  4 => 'thisControllerJsPath',
  5 => 'autoloadJs',
  6 => 'isSuperAdmin',
  7 => 'version',
  8 => 'getSystemTaobaoAccountList',
  9 => 'getCampaignTypeList',
  10 => 'getItemStatusList',
  11 => 'getModeList',
  12 => 'getStatusList',
) ]
[2021-05-29 00:04:10][info] [ VIEW ] /app/app/admin/view/index/welcome.html [ array (
  0 => 'adminModuleName',
  1 => 'thisController',
  2 => 'thisAction',
  3 => 'thisRequest',
  4 => 'thisControllerJsPath',
  5 => 'autoloadJs',
  6 => 'isSuperAdmin',
  7 => 'version',
  8 => 'quicks',
) ]
[2021-05-29 00:04:10][info] [ VIEW ] /app/app/admin/view/mall/taolijin_goods/index.html [ array (
  0 => 'adminModuleName',
  1 => 'thisController',
  2 => 'thisAction',
  3 => 'thisRequest',
  4 => 'thisControllerJsPath',
  5 => 'autoloadJs',
  6 => 'isSuperAdmin',
  7 => 'version',
  8 => 'getSystemTaobaoAccountList',
  9 => 'getCampaignTypeList',
  10 => 'getItemStatusList',
  11 => 'getModeList',
  12 => 'getStatusList',
) ]
[2021-05-29 00:04:11][info] [ VIEW ] /app/app/admin/view/mall/taolijin_goods/add.html [ array (
  0 => 'adminModuleName',
  1 => 'thisController',
  2 => 'thisAction',
  3 => 'thisRequest',
  4 => 'thisControllerJsPath',
  5 => 'autoloadJs',
  6 => 'isSuperAdmin',
  7 => 'version',
  8 => 'getSystemTaobaoAccountList',
  9 => 'getCampaignTypeList',
  10 => 'getItemStatusList',
  11 => 'getModeList',
  12 => 'getStatusList',
) ]
[2021-05-29 00:05:09][info] [ VIEW ] /app/app/admin/view/mall/taolijin_goods/index.html [ array (
  0 => 'adminModuleName',
  1 => 'thisController',
  2 => 'thisAction',
  3 => 'thisRequest',
  4 => 'thisControllerJsPath',
  5 => 'autoloadJs',
  6 => 'isSuperAdmin',
  7 => 'version',
  8 => 'getSystemTaobaoAccountList',
  9 => 'getCampaignTypeList',
  10 => 'getItemStatusList',
  11 => 'getModeList',
  12 => 'getStatusList',
) ]
[2021-05-29 00:10:13][info] [ VIEW ] /app/app/admin/view/mall/taolijin_goods/add.html [ array (
  0 => 'adminModuleName',
  1 => 'thisController',
  2 => 'thisAction',
  3 => 'thisRequest',
  4 => 'thisControllerJsPath',
  5 => 'autoloadJs',
  6 => 'isSuperAdmin',
  7 => 'version',
  8 => 'getSystemTaobaoAccountList',
  9 => 'getCampaignTypeList',
  10 => 'getItemStatusList',
  11 => 'getModeList',
  12 => 'getStatusList',
) ]
[2021-05-29 00:10:26][info] [ VIEW ] /app/app/common/tpl/dispatch_jump.tpl [ array (
  0 => 'adminModuleName',
  1 => 'thisController',
  2 => 'thisAction',
  3 => 'thisRequest',
  4 => 'thisControllerJsPath',
  5 => 'autoloadJs',
  6 => 'isSuperAdmin',
  7 => 'version',
  8 => 'code',
  9 => 'msg',
  10 => 'data',
  11 => 'url',
  12 => 'wait',
) ]
[2021-05-29 00:10:30][info] [ VIEW ] /app/app/admin/view/mall/taolijin_goods/add.html [ array (
  0 => 'adminModuleName',
  1 => 'thisController',
  2 => 'thisAction',
  3 => 'thisRequest',
  4 => 'thisControllerJsPath',
  5 => 'autoloadJs',
  6 => 'isSuperAdmin',
  7 => 'version',
  8 => 'getSystemTaobaoAccountList',
  9 => 'getCampaignTypeList',
  10 => 'getItemStatusList',
  11 => 'getModeList',
  12 => 'getStatusList',
) ]
[2021-05-29 00:10:44][info] [ VIEW ] /app/app/common/tpl/dispatch_jump.tpl [ array (
  0 => 'adminModuleName',
  1 => 'thisController',
  2 => 'thisAction',
  3 => 'thisRequest',
  4 => 'thisControllerJsPath',
  5 => 'autoloadJs',
  6 => 'isSuperAdmin',
  7 => 'version',
  8 => 'code',
  9 => 'msg',
  10 => 'data',
  11 => 'url',
  12 => 'wait',
) ]
[2021-05-29 00:12:44][info] [ VIEW ] /app/app/admin/view/mall/taolijin_goods/index.html [ array (
  0 => 'adminModuleName',
  1 => 'thisController',
  2 => 'thisAction',
  3 => 'thisRequest',
  4 => 'thisControllerJsPath',
  5 => 'autoloadJs',
  6 => 'isSuperAdmin',
  7 => 'version',
  8 => 'getSystemTaobaoAccountList',
  9 => 'getCampaignTypeList',
  10 => 'getItemStatusList',
  11 => 'getModeList',
  12 => 'getStatusList',
) ]
[2021-05-29 00:12:45][info] [ VIEW ] /app/app/admin/view/mall/taolijin_goods/add.html [ array (
  0 => 'adminModuleName',
  1 => 'thisController',
  2 => 'thisAction',
  3 => 'thisRequest',
  4 => 'thisControllerJsPath',
  5 => 'autoloadJs',
  6 => 'isSuperAdmin',
  7 => 'version',
  8 => 'getSystemTaobaoAccountList',
  9 => 'getCampaignTypeList',
  10 => 'getItemStatusList',
  11 => 'getModeList',
  12 => 'getStatusList',
) ]
[2021-05-29 00:13:30][info] [ VIEW ] /app/app/admin/view/mall/taolijin_goods/index.html [ array (
  0 => 'adminModuleName',
  1 => 'thisController',
  2 => 'thisAction',
  3 => 'thisRequest',
  4 => 'thisControllerJsPath',
  5 => 'autoloadJs',
  6 => 'isSuperAdmin',
  7 => 'version',
  8 => 'getSystemTaobaoAccountList',
  9 => 'getCampaignTypeList',
  10 => 'getItemStatusList',
  11 => 'getModeList',
  12 => 'getStatusList',
) ]
[2021-05-29 07:54:35][info] [ VIEW ] /app/app/admin/view/index/index.html [ array (
  0 => 'adminModuleName',
  1 => 'thisController',
  2 => 'thisAction',
  3 => 'thisRequest',
  4 => 'thisControllerJsPath',
  5 => 'autoloadJs',
  6 => 'isSuperAdmin',
  7 => 'version',
  8 => 'admin',
) ]
[2021-05-29 07:54:45][info] [ VIEW ] /app/app/admin/view/index/welcome.html [ array (
  0 => 'adminModuleName',
  1 => 'thisController',
  2 => 'thisAction',
  3 => 'thisRequest',
  4 => 'thisControllerJsPath',
  5 => 'autoloadJs',
  6 => 'isSuperAdmin',
  7 => 'version',
  8 => 'quicks',
) ]
[2021-05-29 07:54:45][info] [ VIEW ] /app/app/admin/view/mall/taolijin_goods/index.html [ array (
  0 => 'adminModuleName',
  1 => 'thisController',
  2 => 'thisAction',
  3 => 'thisRequest',
  4 => 'thisControllerJsPath',
  5 => 'autoloadJs',
  6 => 'isSuperAdmin',
  7 => 'version',
  8 => 'getSystemTaobaoAccountList',
  9 => 'getCampaignTypeList',
  10 => 'getItemStatusList',
  11 => 'getModeList',
  12 => 'getStatusList',
) ]
[2021-05-29 07:54:48][info] [ VIEW ] /app/app/admin/view/mall/taolijin_goods/add.html [ array (
  0 => 'adminModuleName',
  1 => 'thisController',
  2 => 'thisAction',
  3 => 'thisRequest',
  4 => 'thisControllerJsPath',
  5 => 'autoloadJs',
  6 => 'isSuperAdmin',
  7 => 'version',
  8 => 'getSystemTaobaoAccountList',
  9 => 'getCampaignTypeList',
  10 => 'getItemStatusList',
  11 => 'getModeList',
  12 => 'getStatusList',
) ]
[2021-05-29 07:55:15][info] [ VIEW ] /app/app/admin/view/mall/taolijin_goods/index.html [ array (
  0 => 'adminModuleName',
  1 => 'thisController',
  2 => 'thisAction',
  3 => 'thisRequest',
  4 => 'thisControllerJsPath',
  5 => 'autoloadJs',
  6 => 'isSuperAdmin',
  7 => 'version',
  8 => 'getSystemTaobaoAccountList',
  9 => 'getCampaignTypeList',
  10 => 'getItemStatusList',
  11 => 'getModeList',
  12 => 'getStatusList',
) ]
[2021-05-29 08:36:24][info] [ VIEW ] /app/app/admin/view/index/index.html [ array (
  0 => 'adminModuleName',
  1 => 'thisController',
  2 => 'thisAction',
  3 => 'thisRequest',
  4 => 'thisControllerJsPath',
  5 => 'autoloadJs',
  6 => 'isSuperAdmin',
  7 => 'version',
  8 => 'admin',
) ]
[2021-05-29 08:36:34][info] [ VIEW ] /app/app/admin/view/index/welcome.html [ array (
  0 => 'adminModuleName',
  1 => 'thisController',
  2 => 'thisAction',
  3 => 'thisRequest',
  4 => 'thisControllerJsPath',
  5 => 'autoloadJs',
  6 => 'isSuperAdmin',
  7 => 'version',
  8 => 'quicks',
) ]
[2021-05-29 08:36:34][info] [ VIEW ] /app/app/admin/view/mall/taolijin_goods/index.html [ array (
  0 => 'adminModuleName',
  1 => 'thisController',
  2 => 'thisAction',
  3 => 'thisRequest',
  4 => 'thisControllerJsPath',
  5 => 'autoloadJs',
  6 => 'isSuperAdmin',
  7 => 'version',
  8 => 'getSystemTaobaoAccountList',
  9 => 'getCampaignTypeList',
  10 => 'getItemStatusList',
  11 => 'getModeList',
  12 => 'getStatusList',
) ]
[2021-05-29 08:36:36][info] [ VIEW ] /app/app/admin/view/mall/taolijin_goods/add.html [ array (
  0 => 'adminModuleName',
  1 => 'thisController',
  2 => 'thisAction',
  3 => 'thisRequest',
  4 => 'thisControllerJsPath',
  5 => 'autoloadJs',
  6 => 'isSuperAdmin',
  7 => 'version',
  8 => 'getSystemTaobaoAccountList',
  9 => 'getCampaignTypeList',
  10 => 'getItemStatusList',
  11 => 'getModeList',
  12 => 'getStatusList',
) ]
[2021-05-29 08:37:09][info] [ VIEW ] /app/app/admin/view/mall/taolijin_goods/index.html [ array (
  0 => 'adminModuleName',
  1 => 'thisController',
  2 => 'thisAction',
  3 => 'thisRequest',
  4 => 'thisControllerJsPath',
  5 => 'autoloadJs',
  6 => 'isSuperAdmin',
  7 => 'version',
  8 => 'getSystemTaobaoAccountList',
  9 => 'getCampaignTypeList',
  10 => 'getItemStatusList',
  11 => 'getModeList',
  12 => 'getStatusList',
) ]
[2021-05-29 12:03:54][info] [ VIEW ] /app/app/common/tpl/dispatch_jump.tpl [ array (
  0 => 'adminModuleName',
  1 => 'thisController',
  2 => 'thisAction',
  3 => 'thisRequest',
  4 => 'thisControllerJsPath',
  5 => 'autoloadJs',
  6 => 'isSuperAdmin',
  7 => 'version',
  8 => 'code',
  9 => 'msg',
  10 => 'data',
  11 => 'url',
  12 => 'wait',
) ]
[2021-05-29 12:03:55][info] [ VIEW ] /app/app/admin/view/login/index.html [ array (
  0 => 'adminModuleName',
  1 => 'thisController',
  2 => 'thisAction',
  3 => 'thisRequest',
  4 => 'thisControllerJsPath',
  5 => 'autoloadJs',
  6 => 'isSuperAdmin',
  7 => 'version',
  8 => 'captcha',
  9 => 'demo',
) ]
[2021-05-29 12:03:57][info] [ VIEW ] /app/app/admin/view/login/index.html [ array (
  0 => 'adminModuleName',
  1 => 'thisController',
  2 => 'thisAction',
  3 => 'thisRequest',
  4 => 'thisControllerJsPath',
  5 => 'autoloadJs',
  6 => 'isSuperAdmin',
  7 => 'version',
  8 => 'captcha',
  9 => 'demo',
) ]
[2021-05-29 12:04:04][info] [ VIEW ] /app/app/admin/view/login/index.html [ array (
  0 => 'adminModuleName',
  1 => 'thisController',
  2 => 'thisAction',
  3 => 'thisRequest',
  4 => 'thisControllerJsPath',
  5 => 'autoloadJs',
  6 => 'isSuperAdmin',
  7 => 'version',
  8 => 'captcha',
  9 => 'demo',
) ]
[2021-05-29 12:04:15][info] [ VIEW ] /app/app/admin/view/index/index.html [ array (
  0 => 'adminModuleName',
  1 => 'thisController',
  2 => 'thisAction',
  3 => 'thisRequest',
  4 => 'thisControllerJsPath',
  5 => 'autoloadJs',
  6 => 'isSuperAdmin',
  7 => 'version',
  8 => 'admin',
) ]
[2021-05-29 12:04:20][info] [ VIEW ] /app/app/admin/view/index/welcome.html [ array (
  0 => 'adminModuleName',
  1 => 'thisController',
  2 => 'thisAction',
  3 => 'thisRequest',
  4 => 'thisControllerJsPath',
  5 => 'autoloadJs',
  6 => 'isSuperAdmin',
  7 => 'version',
  8 => 'quicks',
) ]
[2021-05-29 12:04:34][info] [ VIEW ] /app/app/admin/view/mall/taolijin_goods/index.html [ array (
  0 => 'adminModuleName',
  1 => 'thisController',
  2 => 'thisAction',
  3 => 'thisRequest',
  4 => 'thisControllerJsPath',
  5 => 'autoloadJs',
  6 => 'isSuperAdmin',
  7 => 'version',
  8 => 'getSystemTaobaoAccountList',
  9 => 'getCampaignTypeList',
  10 => 'getItemStatusList',
  11 => 'getModeList',
  12 => 'getStatusList',
) ]
[2021-05-29 13:45:37][info] [ VIEW ] /app/app/admin/view/index/welcome.html [ array (
  0 => 'adminModuleName',
  1 => 'thisController',
  2 => 'thisAction',
  3 => 'thisRequest',
  4 => 'thisControllerJsPath',
  5 => 'autoloadJs',
  6 => 'isSuperAdmin',
  7 => 'version',
  8 => 'quicks',
) ]
[2021-05-29 13:45:37][info] [ VIEW ] /app/app/admin/view/mall/taolijin_goods/index.html [ array (
  0 => 'adminModuleName',
  1 => 'thisController',
  2 => 'thisAction',
  3 => 'thisRequest',
  4 => 'thisControllerJsPath',
  5 => 'autoloadJs',
  6 => 'isSuperAdmin',
  7 => 'version',
  8 => 'getSystemTaobaoAccountList',
  9 => 'getCampaignTypeList',
  10 => 'getItemStatusList',
  11 => 'getModeList',
  12 => 'getStatusList',
) ]
[2021-05-29 13:47:50][info] [ VIEW ] /app/app/admin/view/index/index.html [ array (
  0 => 'adminModuleName',
  1 => 'thisController',
  2 => 'thisAction',
  3 => 'thisRequest',
  4 => 'thisControllerJsPath',
  5 => 'autoloadJs',
  6 => 'isSuperAdmin',
  7 => 'version',
  8 => 'admin',
) ]
[2021-05-29 13:47:51][info] [ VIEW ] /app/app/admin/view/index/welcome.html [ array (
  0 => 'adminModuleName',
  1 => 'thisController',
  2 => 'thisAction',
  3 => 'thisRequest',
  4 => 'thisControllerJsPath',
  5 => 'autoloadJs',
  6 => 'isSuperAdmin',
  7 => 'version',
  8 => 'quicks',
) ]
[2021-05-29 13:47:51][info] [ VIEW ] /app/app/admin/view/mall/taolijin_goods/index.html [ array (
  0 => 'adminModuleName',
  1 => 'thisController',
  2 => 'thisAction',
  3 => 'thisRequest',
  4 => 'thisControllerJsPath',
  5 => 'autoloadJs',
  6 => 'isSuperAdmin',
  7 => 'version',
  8 => 'getSystemTaobaoAccountList',
  9 => 'getCampaignTypeList',
  10 => 'getItemStatusList',
  11 => 'getModeList',
  12 => 'getStatusList',
) ]
[2021-05-29 13:48:01][info] [ VIEW ] /app/app/admin/view/index/welcome.html [ array (
  0 => 'adminModuleName',
  1 => 'thisController',
  2 => 'thisAction',
  3 => 'thisRequest',
  4 => 'thisControllerJsPath',
  5 => 'autoloadJs',
  6 => 'isSuperAdmin',
  7 => 'version',
  8 => 'quicks',
) ]
[2021-05-29 13:48:05][info] [ VIEW ] /app/app/admin/view/system/admin/index.html [ array (
  0 => 'adminModuleName',
  1 => 'thisController',
  2 => 'thisAction',
  3 => 'thisRequest',
  4 => 'thisControllerJsPath',
  5 => 'autoloadJs',
  6 => 'isSuperAdmin',
  7 => 'version',
  8 => 'auth_list',
) ]
[2021-05-29 13:48:07][info] [ VIEW ] /app/app/admin/view/mall/taolijin_goods/index.html [ array (
  0 => 'adminModuleName',
  1 => 'thisController',
  2 => 'thisAction',
  3 => 'thisRequest',
  4 => 'thisControllerJsPath',
  5 => 'autoloadJs',
  6 => 'isSuperAdmin',
  7 => 'version',
  8 => 'getSystemTaobaoAccountList',
  9 => 'getCampaignTypeList',
  10 => 'getItemStatusList',
  11 => 'getModeList',
  12 => 'getStatusList',
) ]
[2021-05-29 14:36:56][info] [ VIEW ] /app/app/admin/view/index/index.html [ array (
  0 => 'adminModuleName',
  1 => 'thisController',
  2 => 'thisAction',
  3 => 'thisRequest',
  4 => 'thisControllerJsPath',
  5 => 'autoloadJs',
  6 => 'isSuperAdmin',
  7 => 'version',
  8 => 'admin',
) ]
[2021-05-29 14:37:10][info] [ VIEW ] /app/app/admin/view/index/index.html [ array (
  0 => 'adminModuleName',
  1 => 'thisController',
  2 => 'thisAction',
  3 => 'thisRequest',
  4 => 'thisControllerJsPath',
  5 => 'autoloadJs',
  6 => 'isSuperAdmin',
  7 => 'version',
  8 => 'admin',
) ]
[2021-05-29 14:37:10][info] [ VIEW ] /app/app/admin/view/index/welcome.html [ array (
  0 => 'adminModuleName',
  1 => 'thisController',
  2 => 'thisAction',
  3 => 'thisRequest',
  4 => 'thisControllerJsPath',
  5 => 'autoloadJs',
  6 => 'isSuperAdmin',
  7 => 'version',
  8 => 'quicks',
) ]
[2021-05-29 14:37:10][info] [ VIEW ] /app/app/admin/view/system/admin/index.html [ array (
  0 => 'adminModuleName',
  1 => 'thisController',
  2 => 'thisAction',
  3 => 'thisRequest',
  4 => 'thisControllerJsPath',
  5 => 'autoloadJs',
  6 => 'isSuperAdmin',
  7 => 'version',
  8 => 'auth_list',
) ]
[2021-05-29 14:37:11][info] [ VIEW ] /app/app/admin/view/system/admin/add.html [ array (
  0 => 'adminModuleName',
  1 => 'thisController',
  2 => 'thisAction',
  3 => 'thisRequest',
  4 => 'thisControllerJsPath',
  5 => 'autoloadJs',
  6 => 'isSuperAdmin',
  7 => 'version',
  8 => 'auth_list',
) ]
[2021-05-29 14:37:18][info] [ VIEW ] /app/app/admin/view/index/index.html [ array (
  0 => 'adminModuleName',
  1 => 'thisController',
  2 => 'thisAction',
  3 => 'thisRequest',
  4 => 'thisControllerJsPath',
  5 => 'autoloadJs',
  6 => 'isSuperAdmin',
  7 => 'version',
  8 => 'admin',
) ]
[2021-05-29 14:37:18][info] [ VIEW ] /app/app/admin/view/index/welcome.html [ array (
  0 => 'adminModuleName',
  1 => 'thisController',
  2 => 'thisAction',
  3 => 'thisRequest',
  4 => 'thisControllerJsPath',
  5 => 'autoloadJs',
  6 => 'isSuperAdmin',
  7 => 'version',
  8 => 'quicks',
) ]
[2021-05-29 14:37:19][info] [ VIEW ] /app/app/admin/view/system/admin/index.html [ array (
  0 => 'adminModuleName',
  1 => 'thisController',
  2 => 'thisAction',
  3 => 'thisRequest',
  4 => 'thisControllerJsPath',
  5 => 'autoloadJs',
  6 => 'isSuperAdmin',
  7 => 'version',
  8 => 'auth_list',
) ]
[2021-05-29 14:37:22][info] [ VIEW ] /app/app/admin/view/system/admin/add.html [ array (
  0 => 'adminModuleName',
  1 => 'thisController',
  2 => 'thisAction',
  3 => 'thisRequest',
  4 => 'thisControllerJsPath',
  5 => 'autoloadJs',
  6 => 'isSuperAdmin',
  7 => 'version',
  8 => 'auth_list',
) ]
[2021-05-29 14:37:26][info] [ VIEW ] /app/app/admin/view/mall/taolijin_goods/index.html [ array (
  0 => 'adminModuleName',
  1 => 'thisController',
  2 => 'thisAction',
  3 => 'thisRequest',
  4 => 'thisControllerJsPath',
  5 => 'autoloadJs',
  6 => 'isSuperAdmin',
  7 => 'version',
  8 => 'getSystemTaobaoAccountList',
  9 => 'getCampaignTypeList',
  10 => 'getItemStatusList',
  11 => 'getModeList',
  12 => 'getStatusList',
) ]
[2021-05-29 14:37:28][info] [ VIEW ] /app/app/admin/view/mall/taolijin_goods/add.html [ array (
  0 => 'adminModuleName',
  1 => 'thisController',
  2 => 'thisAction',
  3 => 'thisRequest',
  4 => 'thisControllerJsPath',
  5 => 'autoloadJs',
  6 => 'isSuperAdmin',
  7 => 'version',
  8 => 'getSystemTaobaoAccountList',
  9 => 'getCampaignTypeList',
  10 => 'getItemStatusList',
  11 => 'getModeList',
  12 => 'getStatusList',
) ]
[2021-05-29 14:37:49][info] [ VIEW ] /app/app/admin/view/mall/taolijin_goods/index.html [ array (
  0 => 'adminModuleName',
  1 => 'thisController',
  2 => 'thisAction',
  3 => 'thisRequest',
  4 => 'thisControllerJsPath',
  5 => 'autoloadJs',
  6 => 'isSuperAdmin',
  7 => 'version',
  8 => 'getSystemTaobaoAccountList',
  9 => 'getCampaignTypeList',
  10 => 'getItemStatusList',
  11 => 'getModeList',
  12 => 'getStatusList',
) ]
[2021-05-29 16:04:10][info] [ VIEW ] /app/app/admin/view/index/index.html [ array (
  0 => 'adminModuleName',
  1 => 'thisController',
  2 => 'thisAction',
  3 => 'thisRequest',
  4 => 'thisControllerJsPath',
  5 => 'autoloadJs',
  6 => 'isSuperAdmin',
  7 => 'version',
  8 => 'admin',
) ]
[2021-05-29 16:04:19][info] [ VIEW ] /app/app/admin/view/index/index.html [ array (
  0 => 'adminModuleName',
  1 => 'thisController',
  2 => 'thisAction',
  3 => 'thisRequest',
  4 => 'thisControllerJsPath',
  5 => 'autoloadJs',
  6 => 'isSuperAdmin',
  7 => 'version',
  8 => 'admin',
) ]
[2021-05-29 16:04:26][info] [ VIEW ] /app/app/admin/view/index/welcome.html [ array (
  0 => 'adminModuleName',
  1 => 'thisController',
  2 => 'thisAction',
  3 => 'thisRequest',
  4 => 'thisControllerJsPath',
  5 => 'autoloadJs',
  6 => 'isSuperAdmin',
  7 => 'version',
  8 => 'quicks',
) ]
[2021-05-29 16:04:26][info] [ VIEW ] /app/app/admin/view/mall/taolijin_goods/index.html [ array (
  0 => 'adminModuleName',
  1 => 'thisController',
  2 => 'thisAction',
  3 => 'thisRequest',
  4 => 'thisControllerJsPath',
  5 => 'autoloadJs',
  6 => 'isSuperAdmin',
  7 => 'version',
  8 => 'getSystemTaobaoAccountList',
  9 => 'getCampaignTypeList',
  10 => 'getItemStatusList',
  11 => 'getModeList',
  12 => 'getStatusList',
) ]
[2021-05-29 16:04:32][info] [ VIEW ] /app/app/admin/view/mall/taolijin_goods/edit.html [ array (
  0 => 'adminModuleName',
  1 => 'thisController',
  2 => 'thisAction',
  3 => 'thisRequest',
  4 => 'thisControllerJsPath',
  5 => 'autoloadJs',
  6 => 'isSuperAdmin',
  7 => 'version',
  8 => 'getSystemTaobaoAccountList',
  9 => 'getCampaignTypeList',
  10 => 'getItemStatusList',
  11 => 'getModeList',
  12 => 'getStatusList',
  13 => 'row',
) ]
[2021-05-29 16:53:26][info] [ VIEW ] /app/app/admin/view/index/index.html [ array (
  0 => 'adminModuleName',
  1 => 'thisController',
  2 => 'thisAction',
  3 => 'thisRequest',
  4 => 'thisControllerJsPath',
  5 => 'autoloadJs',
  6 => 'isSuperAdmin',
  7 => 'version',
  8 => 'admin',
) ]
[2021-05-29 16:53:35][info] [ VIEW ] /app/app/admin/view/index/welcome.html [ array (
  0 => 'adminModuleName',
  1 => 'thisController',
  2 => 'thisAction',
  3 => 'thisRequest',
  4 => 'thisControllerJsPath',
  5 => 'autoloadJs',
  6 => 'isSuperAdmin',
  7 => 'version',
  8 => 'quicks',
) ]
[2021-05-29 16:53:35][info] [ VIEW ] /app/app/admin/view/system/admin/index.html [ array (
  0 => 'adminModuleName',
  1 => 'thisController',
  2 => 'thisAction',
  3 => 'thisRequest',
  4 => 'thisControllerJsPath',
  5 => 'autoloadJs',
  6 => 'isSuperAdmin',
  7 => 'version',
  8 => 'auth_list',
) ]
[2021-05-29 16:53:39][info] [ VIEW ] /app/app/admin/view/system/admin/add.html [ array (
  0 => 'adminModuleName',
  1 => 'thisController',
  2 => 'thisAction',
  3 => 'thisRequest',
  4 => 'thisControllerJsPath',
  5 => 'autoloadJs',
  6 => 'isSuperAdmin',
  7 => 'version',
  8 => 'auth_list',
) ]
[2021-05-29 16:53:47][info] [ VIEW ] /app/app/admin/view/system/admin/add.html [ array (
  0 => 'adminModuleName',
  1 => 'thisController',
  2 => 'thisAction',
  3 => 'thisRequest',
  4 => 'thisControllerJsPath',
  5 => 'autoloadJs',
  6 => 'isSuperAdmin',
  7 => 'version',
  8 => 'auth_list',
) ]
[2021-05-29 16:53:52][info] [ VIEW ] /app/app/admin/view/index/index.html [ array (
  0 => 'adminModuleName',
  1 => 'thisController',
  2 => 'thisAction',
  3 => 'thisRequest',
  4 => 'thisControllerJsPath',
  5 => 'autoloadJs',
  6 => 'isSuperAdmin',
  7 => 'version',
  8 => 'admin',
) ]
[2021-05-29 16:53:53][info] [ VIEW ] /app/app/admin/view/index/welcome.html [ array (
  0 => 'adminModuleName',
  1 => 'thisController',
  2 => 'thisAction',
  3 => 'thisRequest',
  4 => 'thisControllerJsPath',
  5 => 'autoloadJs',
  6 => 'isSuperAdmin',
  7 => 'version',
  8 => 'quicks',
) ]
[2021-05-29 16:53:53][info] [ VIEW ] /app/app/admin/view/system/admin/index.html [ array (
  0 => 'adminModuleName',
  1 => 'thisController',
  2 => 'thisAction',
  3 => 'thisRequest',
  4 => 'thisControllerJsPath',
  5 => 'autoloadJs',
  6 => 'isSuperAdmin',
  7 => 'version',
  8 => 'auth_list',
) ]
[2021-05-29 16:53:56][info] [ VIEW ] /app/app/admin/view/mall/taolijin_goods/index.html [ array (
  0 => 'adminModuleName',
  1 => 'thisController',
  2 => 'thisAction',
  3 => 'thisRequest',
  4 => 'thisControllerJsPath',
  5 => 'autoloadJs',
  6 => 'isSuperAdmin',
  7 => 'version',
  8 => 'getSystemTaobaoAccountList',
  9 => 'getCampaignTypeList',
  10 => 'getItemStatusList',
  11 => 'getModeList',
  12 => 'getStatusList',
) ]
[2021-05-29 16:53:58][info] [ VIEW ] /app/app/admin/view/mall/taolijin_goods/add.html [ array (
  0 => 'adminModuleName',
  1 => 'thisController',
  2 => 'thisAction',
  3 => 'thisRequest',
  4 => 'thisControllerJsPath',
  5 => 'autoloadJs',
  6 => 'isSuperAdmin',
  7 => 'version',
  8 => 'getSystemTaobaoAccountList',
  9 => 'getCampaignTypeList',
  10 => 'getItemStatusList',
  11 => 'getModeList',
  12 => 'getStatusList',
) ]
[2021-05-29 16:54:30][info] [ VIEW ] /app/app/admin/view/mall/taolijin_goods/index.html [ array (
  0 => 'adminModuleName',
  1 => 'thisController',
  2 => 'thisAction',
  3 => 'thisRequest',
  4 => 'thisControllerJsPath',
  5 => 'autoloadJs',
  6 => 'isSuperAdmin',
  7 => 'version',
  8 => 'getSystemTaobaoAccountList',
  9 => 'getCampaignTypeList',
  10 => 'getItemStatusList',
  11 => 'getModeList',
  12 => 'getStatusList',
) ]
