[2021-06-03 08:58:47][info] [ VIEW ] /app/app/common/tpl/dispatch_jump.tpl [ array (
  0 => 'adminModuleName',
  1 => 'thisController',
  2 => 'thisAction',
  3 => 'thisRequest',
  4 => 'thisControllerJsPath',
  5 => 'autoloadJs',
  6 => 'isSuperAdmin',
  7 => 'version',
  8 => 'code',
  9 => 'msg',
  10 => 'data',
  11 => 'url',
  12 => 'wait',
) ]
[2021-06-03 08:58:48][info] [ VIEW ] /app/app/admin/view/login/index.html [ array (
  0 => 'adminModuleName',
  1 => 'thisController',
  2 => 'thisAction',
  3 => 'thisRequest',
  4 => 'thisControllerJsPath',
  5 => 'autoloadJs',
  6 => 'isSuperAdmin',
  7 => 'version',
  8 => 'captcha',
  9 => 'demo',
) ]
[2021-06-03 08:58:49][info] [ VIEW ] /app/app/admin/view/login/index.html [ array (
  0 => 'adminModuleName',
  1 => 'thisController',
  2 => 'thisAction',
  3 => 'thisRequest',
  4 => 'thisControllerJsPath',
  5 => 'autoloadJs',
  6 => 'isSuperAdmin',
  7 => 'version',
  8 => 'captcha',
  9 => 'demo',
) ]
[2021-06-03 08:58:57][info] [ VIEW ] /app/app/admin/view/index/index.html [ array (
  0 => 'adminModuleName',
  1 => 'thisController',
  2 => 'thisAction',
  3 => 'thisRequest',
  4 => 'thisControllerJsPath',
  5 => 'autoloadJs',
  6 => 'isSuperAdmin',
  7 => 'version',
  8 => 'admin',
) ]
[2021-06-03 08:58:57][info] [ VIEW ] /app/app/admin/view/index/welcome.html [ array (
  0 => 'adminModuleName',
  1 => 'thisController',
  2 => 'thisAction',
  3 => 'thisRequest',
  4 => 'thisControllerJsPath',
  5 => 'autoloadJs',
  6 => 'isSuperAdmin',
  7 => 'version',
  8 => 'quicks',
) ]
[2021-06-03 08:59:05][info] [ VIEW ] /app/app/admin/view/mall/taolijin_goods/index.html [ array (
  0 => 'adminModuleName',
  1 => 'thisController',
  2 => 'thisAction',
  3 => 'thisRequest',
  4 => 'thisControllerJsPath',
  5 => 'autoloadJs',
  6 => 'isSuperAdmin',
  7 => 'version',
  8 => 'getSystemTaobaoAccountList',
  9 => 'getCampaignTypeList',
  10 => 'getItemStatusList',
  11 => 'getModeList',
  12 => 'getStatusList',
) ]
[2021-06-03 08:59:06][info] [ VIEW ] /app/app/admin/view/mall/taolijin_goods/add.html [ array (
  0 => 'adminModuleName',
  1 => 'thisController',
  2 => 'thisAction',
  3 => 'thisRequest',
  4 => 'thisControllerJsPath',
  5 => 'autoloadJs',
  6 => 'isSuperAdmin',
  7 => 'version',
  8 => 'getSystemTaobaoAccountList',
  9 => 'getCampaignTypeList',
  10 => 'getItemStatusList',
  11 => 'getModeList',
  12 => 'getStatusList',
) ]
[2021-06-03 09:50:13][info] [ VIEW ] /app/app/admin/view/mall/taolijin_goods/add.html [ array (
  0 => 'adminModuleName',
  1 => 'thisController',
  2 => 'thisAction',
  3 => 'thisRequest',
  4 => 'thisControllerJsPath',
  5 => 'autoloadJs',
  6 => 'isSuperAdmin',
  7 => 'version',
  8 => 'getSystemTaobaoAccountList',
  9 => 'getCampaignTypeList',
  10 => 'getItemStatusList',
  11 => 'getModeList',
  12 => 'getStatusList',
) ]
[2021-06-03 09:50:30][info] [ VIEW ] /app/app/admin/view/mall/taolijin_goods/index.html [ array (
  0 => 'adminModuleName',
  1 => 'thisController',
  2 => 'thisAction',
  3 => 'thisRequest',
  4 => 'thisControllerJsPath',
  5 => 'autoloadJs',
  6 => 'isSuperAdmin',
  7 => 'version',
  8 => 'getSystemTaobaoAccountList',
  9 => 'getCampaignTypeList',
  10 => 'getItemStatusList',
  11 => 'getModeList',
  12 => 'getStatusList',
) ]
[2021-06-03 10:02:02][info] [ VIEW ] /app/app/admin/view/mall/taolijin_goods/add.html [ array (
  0 => 'adminModuleName',
  1 => 'thisController',
  2 => 'thisAction',
  3 => 'thisRequest',
  4 => 'thisControllerJsPath',
  5 => 'autoloadJs',
  6 => 'isSuperAdmin',
  7 => 'version',
  8 => 'getSystemTaobaoAccountList',
  9 => 'getCampaignTypeList',
  10 => 'getItemStatusList',
  11 => 'getModeList',
  12 => 'getStatusList',
) ]
[2021-06-03 10:02:20][info] [ VIEW ] /app/app/admin/view/mall/taolijin_goods/index.html [ array (
  0 => 'adminModuleName',
  1 => 'thisController',
  2 => 'thisAction',
  3 => 'thisRequest',
  4 => 'thisControllerJsPath',
  5 => 'autoloadJs',
  6 => 'isSuperAdmin',
  7 => 'version',
  8 => 'getSystemTaobaoAccountList',
  9 => 'getCampaignTypeList',
  10 => 'getItemStatusList',
  11 => 'getModeList',
  12 => 'getStatusList',
) ]
[2021-06-03 10:02:49][info] [ VIEW ] /app/app/admin/view/mall/taolijin_goods/add.html [ array (
  0 => 'adminModuleName',
  1 => 'thisController',
  2 => 'thisAction',
  3 => 'thisRequest',
  4 => 'thisControllerJsPath',
  5 => 'autoloadJs',
  6 => 'isSuperAdmin',
  7 => 'version',
  8 => 'getSystemTaobaoAccountList',
  9 => 'getCampaignTypeList',
  10 => 'getItemStatusList',
  11 => 'getModeList',
  12 => 'getStatusList',
) ]
[2021-06-03 10:03:23][info] [ VIEW ] /app/app/admin/view/mall/taolijin_goods/index.html [ array (
  0 => 'adminModuleName',
  1 => 'thisController',
  2 => 'thisAction',
  3 => 'thisRequest',
  4 => 'thisControllerJsPath',
  5 => 'autoloadJs',
  6 => 'isSuperAdmin',
  7 => 'version',
  8 => 'getSystemTaobaoAccountList',
  9 => 'getCampaignTypeList',
  10 => 'getItemStatusList',
  11 => 'getModeList',
  12 => 'getStatusList',
) ]
[2021-06-03 10:03:55][info] [ VIEW ] /app/app/admin/view/mall/taolijin_goods/add.html [ array (
  0 => 'adminModuleName',
  1 => 'thisController',
  2 => 'thisAction',
  3 => 'thisRequest',
  4 => 'thisControllerJsPath',
  5 => 'autoloadJs',
  6 => 'isSuperAdmin',
  7 => 'version',
  8 => 'getSystemTaobaoAccountList',
  9 => 'getCampaignTypeList',
  10 => 'getItemStatusList',
  11 => 'getModeList',
  12 => 'getStatusList',
) ]
[2021-06-03 10:04:17][info] [ VIEW ] /app/app/admin/view/mall/taolijin_goods/index.html [ array (
  0 => 'adminModuleName',
  1 => 'thisController',
  2 => 'thisAction',
  3 => 'thisRequest',
  4 => 'thisControllerJsPath',
  5 => 'autoloadJs',
  6 => 'isSuperAdmin',
  7 => 'version',
  8 => 'getSystemTaobaoAccountList',
  9 => 'getCampaignTypeList',
  10 => 'getItemStatusList',
  11 => 'getModeList',
  12 => 'getStatusList',
) ]
[2021-06-03 10:04:49][info] [ VIEW ] /app/app/admin/view/mall/taolijin_goods/add.html [ array (
  0 => 'adminModuleName',
  1 => 'thisController',
  2 => 'thisAction',
  3 => 'thisRequest',
  4 => 'thisControllerJsPath',
  5 => 'autoloadJs',
  6 => 'isSuperAdmin',
  7 => 'version',
  8 => 'getSystemTaobaoAccountList',
  9 => 'getCampaignTypeList',
  10 => 'getItemStatusList',
  11 => 'getModeList',
  12 => 'getStatusList',
) ]
[2021-06-03 10:05:18][info] [ VIEW ] /app/app/admin/view/mall/taolijin_goods/index.html [ array (
  0 => 'adminModuleName',
  1 => 'thisController',
  2 => 'thisAction',
  3 => 'thisRequest',
  4 => 'thisControllerJsPath',
  5 => 'autoloadJs',
  6 => 'isSuperAdmin',
  7 => 'version',
  8 => 'getSystemTaobaoAccountList',
  9 => 'getCampaignTypeList',
  10 => 'getItemStatusList',
  11 => 'getModeList',
  12 => 'getStatusList',
) ]
[2021-06-03 10:05:49][info] [ VIEW ] /app/app/admin/view/mall/taolijin_goods/add.html [ array (
  0 => 'adminModuleName',
  1 => 'thisController',
  2 => 'thisAction',
  3 => 'thisRequest',
  4 => 'thisControllerJsPath',
  5 => 'autoloadJs',
  6 => 'isSuperAdmin',
  7 => 'version',
  8 => 'getSystemTaobaoAccountList',
  9 => 'getCampaignTypeList',
  10 => 'getItemStatusList',
  11 => 'getModeList',
  12 => 'getStatusList',
) ]
[2021-06-03 10:06:04][info] [ VIEW ] /app/app/admin/view/mall/taolijin_goods/index.html [ array (
  0 => 'adminModuleName',
  1 => 'thisController',
  2 => 'thisAction',
  3 => 'thisRequest',
  4 => 'thisControllerJsPath',
  5 => 'autoloadJs',
  6 => 'isSuperAdmin',
  7 => 'version',
  8 => 'getSystemTaobaoAccountList',
  9 => 'getCampaignTypeList',
  10 => 'getItemStatusList',
  11 => 'getModeList',
  12 => 'getStatusList',
) ]
[2021-06-03 10:07:21][info] [ VIEW ] /app/app/admin/view/mall/taolijin_goods/add.html [ array (
  0 => 'adminModuleName',
  1 => 'thisController',
  2 => 'thisAction',
  3 => 'thisRequest',
  4 => 'thisControllerJsPath',
  5 => 'autoloadJs',
  6 => 'isSuperAdmin',
  7 => 'version',
  8 => 'getSystemTaobaoAccountList',
  9 => 'getCampaignTypeList',
  10 => 'getItemStatusList',
  11 => 'getModeList',
  12 => 'getStatusList',
) ]
[2021-06-03 10:07:40][info] [ VIEW ] /app/app/admin/view/mall/taolijin_goods/index.html [ array (
  0 => 'adminModuleName',
  1 => 'thisController',
  2 => 'thisAction',
  3 => 'thisRequest',
  4 => 'thisControllerJsPath',
  5 => 'autoloadJs',
  6 => 'isSuperAdmin',
  7 => 'version',
  8 => 'getSystemTaobaoAccountList',
  9 => 'getCampaignTypeList',
  10 => 'getItemStatusList',
  11 => 'getModeList',
  12 => 'getStatusList',
) ]
[2021-06-03 10:58:52][info] [ VIEW ] /app/app/admin/view/mall/taolijin_goods/edit.html [ array (
  0 => 'adminModuleName',
  1 => 'thisController',
  2 => 'thisAction',
  3 => 'thisRequest',
  4 => 'thisControllerJsPath',
  5 => 'autoloadJs',
  6 => 'isSuperAdmin',
  7 => 'version',
  8 => 'getSystemTaobaoAccountList',
  9 => 'getCampaignTypeList',
  10 => 'getItemStatusList',
  11 => 'getModeList',
  12 => 'getStatusList',
  13 => 'row',
) ]
[2021-06-03 12:00:45][info] [ VIEW ] /app/app/admin/view/mall/taolijin_goods/add.html [ array (
  0 => 'adminModuleName',
  1 => 'thisController',
  2 => 'thisAction',
  3 => 'thisRequest',
  4 => 'thisControllerJsPath',
  5 => 'autoloadJs',
  6 => 'isSuperAdmin',
  7 => 'version',
  8 => 'getSystemTaobaoAccountList',
  9 => 'getCampaignTypeList',
  10 => 'getItemStatusList',
  11 => 'getModeList',
  12 => 'getStatusList',
) ]
[2021-06-03 13:21:29][info] [ VIEW ] /app/app/admin/view/mall/taolijin_goods/edit.html [ array (
  0 => 'adminModuleName',
  1 => 'thisController',
  2 => 'thisAction',
  3 => 'thisRequest',
  4 => 'thisControllerJsPath',
  5 => 'autoloadJs',
  6 => 'isSuperAdmin',
  7 => 'version',
  8 => 'getSystemTaobaoAccountList',
  9 => 'getCampaignTypeList',
  10 => 'getItemStatusList',
  11 => 'getModeList',
  12 => 'getStatusList',
  13 => 'row',
) ]
[2021-06-03 14:15:55][info] [ VIEW ] /app/app/admin/view/mall/taolijin_goods/edit.html [ array (
  0 => 'adminModuleName',
  1 => 'thisController',
  2 => 'thisAction',
  3 => 'thisRequest',
  4 => 'thisControllerJsPath',
  5 => 'autoloadJs',
  6 => 'isSuperAdmin',
  7 => 'version',
  8 => 'getSystemTaobaoAccountList',
  9 => 'getCampaignTypeList',
  10 => 'getItemStatusList',
  11 => 'getModeList',
  12 => 'getStatusList',
  13 => 'row',
) ]
[2021-06-03 14:55:36][info] [ VIEW ] /app/app/admin/view/mall/taolijin_goods/add.html [ array (
  0 => 'adminModuleName',
  1 => 'thisController',
  2 => 'thisAction',
  3 => 'thisRequest',
  4 => 'thisControllerJsPath',
  5 => 'autoloadJs',
  6 => 'isSuperAdmin',
  7 => 'version',
  8 => 'getSystemTaobaoAccountList',
  9 => 'getCampaignTypeList',
  10 => 'getItemStatusList',
  11 => 'getModeList',
  12 => 'getStatusList',
) ]
[2021-06-03 14:55:50][info] [ VIEW ] /app/app/admin/view/mall/taolijin_goods/index.html [ array (
  0 => 'adminModuleName',
  1 => 'thisController',
  2 => 'thisAction',
  3 => 'thisRequest',
  4 => 'thisControllerJsPath',
  5 => 'autoloadJs',
  6 => 'isSuperAdmin',
  7 => 'version',
  8 => 'getSystemTaobaoAccountList',
  9 => 'getCampaignTypeList',
  10 => 'getItemStatusList',
  11 => 'getModeList',
  12 => 'getStatusList',
) ]
[2021-06-03 15:52:51][info] [ VIEW ] /app/app/admin/view/mall/taolijin_goods/edit.html [ array (
  0 => 'adminModuleName',
  1 => 'thisController',
  2 => 'thisAction',
  3 => 'thisRequest',
  4 => 'thisControllerJsPath',
  5 => 'autoloadJs',
  6 => 'isSuperAdmin',
  7 => 'version',
  8 => 'getSystemTaobaoAccountList',
  9 => 'getCampaignTypeList',
  10 => 'getItemStatusList',
  11 => 'getModeList',
  12 => 'getStatusList',
  13 => 'row',
) ]
[2021-06-03 16:17:01][info] [ VIEW ] /app/app/admin/view/mall/taolijin_goods/add.html [ array (
  0 => 'adminModuleName',
  1 => 'thisController',
  2 => 'thisAction',
  3 => 'thisRequest',
  4 => 'thisControllerJsPath',
  5 => 'autoloadJs',
  6 => 'isSuperAdmin',
  7 => 'version',
  8 => 'getSystemTaobaoAccountList',
  9 => 'getCampaignTypeList',
  10 => 'getItemStatusList',
  11 => 'getModeList',
  12 => 'getStatusList',
) ]
[2021-06-03 16:18:21][info] [ VIEW ] /app/app/admin/view/mall/taolijin_goods/index.html [ array (
  0 => 'adminModuleName',
  1 => 'thisController',
  2 => 'thisAction',
  3 => 'thisRequest',
  4 => 'thisControllerJsPath',
  5 => 'autoloadJs',
  6 => 'isSuperAdmin',
  7 => 'version',
  8 => 'getSystemTaobaoAccountList',
  9 => 'getCampaignTypeList',
  10 => 'getItemStatusList',
  11 => 'getModeList',
  12 => 'getStatusList',
) ]
[2021-06-03 17:03:14][info] [ VIEW ] /app/app/admin/view/mall/taolijin_goods/add.html [ array (
  0 => 'adminModuleName',
  1 => 'thisController',
  2 => 'thisAction',
  3 => 'thisRequest',
  4 => 'thisControllerJsPath',
  5 => 'autoloadJs',
  6 => 'isSuperAdmin',
  7 => 'version',
  8 => 'getSystemTaobaoAccountList',
  9 => 'getCampaignTypeList',
  10 => 'getItemStatusList',
  11 => 'getModeList',
  12 => 'getStatusList',
) ]
[2021-06-03 17:03:59][info] [ VIEW ] /app/app/admin/view/mall/taolijin_goods/index.html [ array (
  0 => 'adminModuleName',
  1 => 'thisController',
  2 => 'thisAction',
  3 => 'thisRequest',
  4 => 'thisControllerJsPath',
  5 => 'autoloadJs',
  6 => 'isSuperAdmin',
  7 => 'version',
  8 => 'getSystemTaobaoAccountList',
  9 => 'getCampaignTypeList',
  10 => 'getItemStatusList',
  11 => 'getModeList',
  12 => 'getStatusList',
) ]
[2021-06-03 17:14:45][info] [ VIEW ] /app/app/admin/view/mall/taolijin_goods/edit.html [ array (
  0 => 'adminModuleName',
  1 => 'thisController',
  2 => 'thisAction',
  3 => 'thisRequest',
  4 => 'thisControllerJsPath',
  5 => 'autoloadJs',
  6 => 'isSuperAdmin',
  7 => 'version',
  8 => 'getSystemTaobaoAccountList',
  9 => 'getCampaignTypeList',
  10 => 'getItemStatusList',
  11 => 'getModeList',
  12 => 'getStatusList',
  13 => 'row',
) ]
[2021-06-03 17:33:43][info] [ VIEW ] /app/app/admin/view/mall/taolijin_goods/add.html [ array (
  0 => 'adminModuleName',
  1 => 'thisController',
  2 => 'thisAction',
  3 => 'thisRequest',
  4 => 'thisControllerJsPath',
  5 => 'autoloadJs',
  6 => 'isSuperAdmin',
  7 => 'version',
  8 => 'getSystemTaobaoAccountList',
  9 => 'getCampaignTypeList',
  10 => 'getItemStatusList',
  11 => 'getModeList',
  12 => 'getStatusList',
) ]
[2021-06-03 17:34:11][info] [ VIEW ] /app/app/admin/view/mall/taolijin_goods/index.html [ array (
  0 => 'adminModuleName',
  1 => 'thisController',
  2 => 'thisAction',
  3 => 'thisRequest',
  4 => 'thisControllerJsPath',
  5 => 'autoloadJs',
  6 => 'isSuperAdmin',
  7 => 'version',
  8 => 'getSystemTaobaoAccountList',
  9 => 'getCampaignTypeList',
  10 => 'getItemStatusList',
  11 => 'getModeList',
  12 => 'getStatusList',
) ]
[2021-06-03 17:34:13][info] [ VIEW ] /app/app/admin/view/mall/taolijin_goods/edit.html [ array (
  0 => 'adminModuleName',
  1 => 'thisController',
  2 => 'thisAction',
  3 => 'thisRequest',
  4 => 'thisControllerJsPath',
  5 => 'autoloadJs',
  6 => 'isSuperAdmin',
  7 => 'version',
  8 => 'getSystemTaobaoAccountList',
  9 => 'getCampaignTypeList',
  10 => 'getItemStatusList',
  11 => 'getModeList',
  12 => 'getStatusList',
  13 => 'row',
) ]
[2021-06-03 18:04:06][info] [ VIEW ] /app/app/admin/view/mall/taolijin_goods/edit.html [ array (
  0 => 'adminModuleName',
  1 => 'thisController',
  2 => 'thisAction',
  3 => 'thisRequest',
  4 => 'thisControllerJsPath',
  5 => 'autoloadJs',
  6 => 'isSuperAdmin',
  7 => 'version',
  8 => 'getSystemTaobaoAccountList',
  9 => 'getCampaignTypeList',
  10 => 'getItemStatusList',
  11 => 'getModeList',
  12 => 'getStatusList',
  13 => 'row',
) ]
