[2021-06-04 08:36:18][info] [ VIEW ] /app/app/common/tpl/dispatch_jump.tpl [ array (
  0 => 'adminModuleName',
  1 => 'thisController',
  2 => 'thisAction',
  3 => 'thisRequest',
  4 => 'thisControllerJsPath',
  5 => 'autoloadJs',
  6 => 'isSuperAdmin',
  7 => 'version',
  8 => 'code',
  9 => 'msg',
  10 => 'data',
  11 => 'url',
  12 => 'wait',
) ]
[2021-06-04 08:36:19][info] [ VIEW ] /app/app/admin/view/login/index.html [ array (
  0 => 'adminModuleName',
  1 => 'thisController',
  2 => 'thisAction',
  3 => 'thisRequest',
  4 => 'thisControllerJsPath',
  5 => 'autoloadJs',
  6 => 'isSuperAdmin',
  7 => 'version',
  8 => 'captcha',
  9 => 'demo',
) ]
[2021-06-04 08:36:21][info] [ VIEW ] /app/app/admin/view/login/index.html [ array (
  0 => 'adminModuleName',
  1 => 'thisController',
  2 => 'thisAction',
  3 => 'thisRequest',
  4 => 'thisControllerJsPath',
  5 => 'autoloadJs',
  6 => 'isSuperAdmin',
  7 => 'version',
  8 => 'captcha',
  9 => 'demo',
) ]
[2021-06-04 08:36:42][info] [ VIEW ] /app/app/admin/view/index/index.html [ array (
  0 => 'adminModuleName',
  1 => 'thisController',
  2 => 'thisAction',
  3 => 'thisRequest',
  4 => 'thisControllerJsPath',
  5 => 'autoloadJs',
  6 => 'isSuperAdmin',
  7 => 'version',
  8 => 'admin',
) ]
[2021-06-04 08:36:46][info] [ VIEW ] /app/app/admin/view/index/welcome.html [ array (
  0 => 'adminModuleName',
  1 => 'thisController',
  2 => 'thisAction',
  3 => 'thisRequest',
  4 => 'thisControllerJsPath',
  5 => 'autoloadJs',
  6 => 'isSuperAdmin',
  7 => 'version',
  8 => 'quicks',
) ]
[2021-06-04 08:36:49][info] [ VIEW ] /app/app/admin/view/mall/taolijin_goods/index.html [ array (
  0 => 'adminModuleName',
  1 => 'thisController',
  2 => 'thisAction',
  3 => 'thisRequest',
  4 => 'thisControllerJsPath',
  5 => 'autoloadJs',
  6 => 'isSuperAdmin',
  7 => 'version',
  8 => 'getSystemTaobaoAccountList',
  9 => 'getCampaignTypeList',
  10 => 'getItemStatusList',
  11 => 'getModeList',
  12 => 'getStatusList',
) ]
[2021-06-04 08:36:50][info] [ VIEW ] /app/app/admin/view/mall/taolijin_goods/add.html [ array (
  0 => 'adminModuleName',
  1 => 'thisController',
  2 => 'thisAction',
  3 => 'thisRequest',
  4 => 'thisControllerJsPath',
  5 => 'autoloadJs',
  6 => 'isSuperAdmin',
  7 => 'version',
  8 => 'getSystemTaobaoAccountList',
  9 => 'getCampaignTypeList',
  10 => 'getItemStatusList',
  11 => 'getModeList',
  12 => 'getStatusList',
) ]
[2021-06-04 08:37:10][info] [ VIEW ] /app/app/admin/view/mall/taolijin_goods/index.html [ array (
  0 => 'adminModuleName',
  1 => 'thisController',
  2 => 'thisAction',
  3 => 'thisRequest',
  4 => 'thisControllerJsPath',
  5 => 'autoloadJs',
  6 => 'isSuperAdmin',
  7 => 'version',
  8 => 'getSystemTaobaoAccountList',
  9 => 'getCampaignTypeList',
  10 => 'getItemStatusList',
  11 => 'getModeList',
  12 => 'getStatusList',
) ]
[2021-06-04 09:51:13][info] [ VIEW ] /app/app/common/tpl/dispatch_jump.tpl [ array (
  0 => 'adminModuleName',
  1 => 'thisController',
  2 => 'thisAction',
  3 => 'thisRequest',
  4 => 'thisControllerJsPath',
  5 => 'autoloadJs',
  6 => 'isSuperAdmin',
  7 => 'version',
  8 => 'code',
  9 => 'msg',
  10 => 'data',
  11 => 'url',
  12 => 'wait',
) ]
[2021-06-04 09:51:14][info] [ VIEW ] /app/app/admin/view/login/index.html [ array (
  0 => 'adminModuleName',
  1 => 'thisController',
  2 => 'thisAction',
  3 => 'thisRequest',
  4 => 'thisControllerJsPath',
  5 => 'autoloadJs',
  6 => 'isSuperAdmin',
  7 => 'version',
  8 => 'captcha',
  9 => 'demo',
) ]
[2021-06-04 09:51:24][info] [ VIEW ] /app/app/admin/view/index/index.html [ array (
  0 => 'adminModuleName',
  1 => 'thisController',
  2 => 'thisAction',
  3 => 'thisRequest',
  4 => 'thisControllerJsPath',
  5 => 'autoloadJs',
  6 => 'isSuperAdmin',
  7 => 'version',
  8 => 'admin',
) ]
[2021-06-04 09:51:24][info] [ VIEW ] /app/app/admin/view/index/welcome.html [ array (
  0 => 'adminModuleName',
  1 => 'thisController',
  2 => 'thisAction',
  3 => 'thisRequest',
  4 => 'thisControllerJsPath',
  5 => 'autoloadJs',
  6 => 'isSuperAdmin',
  7 => 'version',
  8 => 'quicks',
) ]
[2021-06-04 09:51:26][info] [ VIEW ] /app/app/admin/view/mall/taolijin_goods/index.html [ array (
  0 => 'adminModuleName',
  1 => 'thisController',
  2 => 'thisAction',
  3 => 'thisRequest',
  4 => 'thisControllerJsPath',
  5 => 'autoloadJs',
  6 => 'isSuperAdmin',
  7 => 'version',
  8 => 'getSystemTaobaoAccountList',
  9 => 'getCampaignTypeList',
  10 => 'getItemStatusList',
  11 => 'getModeList',
  12 => 'getStatusList',
) ]
[2021-06-04 09:51:28][info] [ VIEW ] /app/app/admin/view/mall/taolijin_goods/add.html [ array (
  0 => 'adminModuleName',
  1 => 'thisController',
  2 => 'thisAction',
  3 => 'thisRequest',
  4 => 'thisControllerJsPath',
  5 => 'autoloadJs',
  6 => 'isSuperAdmin',
  7 => 'version',
  8 => 'getSystemTaobaoAccountList',
  9 => 'getCampaignTypeList',
  10 => 'getItemStatusList',
  11 => 'getModeList',
  12 => 'getStatusList',
) ]
[2021-06-04 09:51:48][info] [ VIEW ] /app/app/admin/view/mall/taolijin_goods/index.html [ array (
  0 => 'adminModuleName',
  1 => 'thisController',
  2 => 'thisAction',
  3 => 'thisRequest',
  4 => 'thisControllerJsPath',
  5 => 'autoloadJs',
  6 => 'isSuperAdmin',
  7 => 'version',
  8 => 'getSystemTaobaoAccountList',
  9 => 'getCampaignTypeList',
  10 => 'getItemStatusList',
  11 => 'getModeList',
  12 => 'getStatusList',
) ]
[2021-06-04 09:52:07][info] [ VIEW ] /app/app/common/tpl/dispatch_jump.tpl [ array (
  0 => 'adminModuleName',
  1 => 'thisController',
  2 => 'thisAction',
  3 => 'thisRequest',
  4 => 'thisControllerJsPath',
  5 => 'autoloadJs',
  6 => 'isSuperAdmin',
  7 => 'version',
  8 => 'code',
  9 => 'msg',
  10 => 'data',
  11 => 'url',
  12 => 'wait',
) ]
[2021-06-04 09:52:12][info] [ VIEW ] /app/app/admin/view/login/index.html [ array (
  0 => 'adminModuleName',
  1 => 'thisController',
  2 => 'thisAction',
  3 => 'thisRequest',
  4 => 'thisControllerJsPath',
  5 => 'autoloadJs',
  6 => 'isSuperAdmin',
  7 => 'version',
  8 => 'captcha',
  9 => 'demo',
) ]
[2021-06-04 09:52:19][info] [ VIEW ] /app/app/common/tpl/dispatch_jump.tpl [ array (
  0 => 'adminModuleName',
  1 => 'thisController',
  2 => 'thisAction',
  3 => 'thisRequest',
  4 => 'thisControllerJsPath',
  5 => 'autoloadJs',
  6 => 'isSuperAdmin',
  7 => 'version',
  8 => 'code',
  9 => 'msg',
  10 => 'data',
  11 => 'url',
  12 => 'wait',
) ]
[2021-06-04 09:52:22][info] [ VIEW ] /app/app/admin/view/login/index.html [ array (
  0 => 'adminModuleName',
  1 => 'thisController',
  2 => 'thisAction',
  3 => 'thisRequest',
  4 => 'thisControllerJsPath',
  5 => 'autoloadJs',
  6 => 'isSuperAdmin',
  7 => 'version',
  8 => 'captcha',
  9 => 'demo',
) ]
[2021-06-04 10:41:15][info] [ VIEW ] /app/app/admin/view/mall/taolijin_goods/add.html [ array (
  0 => 'adminModuleName',
  1 => 'thisController',
  2 => 'thisAction',
  3 => 'thisRequest',
  4 => 'thisControllerJsPath',
  5 => 'autoloadJs',
  6 => 'isSuperAdmin',
  7 => 'version',
  8 => 'getSystemTaobaoAccountList',
  9 => 'getCampaignTypeList',
  10 => 'getItemStatusList',
  11 => 'getModeList',
  12 => 'getStatusList',
) ]
[2021-06-04 10:41:36][info] [ VIEW ] /app/app/admin/view/mall/taolijin_goods/index.html [ array (
  0 => 'adminModuleName',
  1 => 'thisController',
  2 => 'thisAction',
  3 => 'thisRequest',
  4 => 'thisControllerJsPath',
  5 => 'autoloadJs',
  6 => 'isSuperAdmin',
  7 => 'version',
  8 => 'getSystemTaobaoAccountList',
  9 => 'getCampaignTypeList',
  10 => 'getItemStatusList',
  11 => 'getModeList',
  12 => 'getStatusList',
) ]
[2021-06-04 10:41:39][info] [ VIEW ] /app/app/admin/view/index/index.html [ array (
  0 => 'adminModuleName',
  1 => 'thisController',
  2 => 'thisAction',
  3 => 'thisRequest',
  4 => 'thisControllerJsPath',
  5 => 'autoloadJs',
  6 => 'isSuperAdmin',
  7 => 'version',
  8 => 'admin',
) ]
[2021-06-04 10:41:39][info] [ VIEW ] /app/app/admin/view/index/welcome.html [ array (
  0 => 'adminModuleName',
  1 => 'thisController',
  2 => 'thisAction',
  3 => 'thisRequest',
  4 => 'thisControllerJsPath',
  5 => 'autoloadJs',
  6 => 'isSuperAdmin',
  7 => 'version',
  8 => 'quicks',
) ]
[2021-06-04 10:41:39][info] [ VIEW ] /app/app/admin/view/mall/taolijin_goods/index.html [ array (
  0 => 'adminModuleName',
  1 => 'thisController',
  2 => 'thisAction',
  3 => 'thisRequest',
  4 => 'thisControllerJsPath',
  5 => 'autoloadJs',
  6 => 'isSuperAdmin',
  7 => 'version',
  8 => 'getSystemTaobaoAccountList',
  9 => 'getCampaignTypeList',
  10 => 'getItemStatusList',
  11 => 'getModeList',
  12 => 'getStatusList',
) ]
[2021-06-04 10:48:57][info] [ VIEW ] /app/app/admin/view/mall/taolijin_goods/edit.html [ array (
  0 => 'adminModuleName',
  1 => 'thisController',
  2 => 'thisAction',
  3 => 'thisRequest',
  4 => 'thisControllerJsPath',
  5 => 'autoloadJs',
  6 => 'isSuperAdmin',
  7 => 'version',
  8 => 'getSystemTaobaoAccountList',
  9 => 'getCampaignTypeList',
  10 => 'getItemStatusList',
  11 => 'getModeList',
  12 => 'getStatusList',
  13 => 'row',
) ]
[2021-06-04 11:15:24][info] [ VIEW ] /app/app/admin/view/mall/taolijin_goods/add.html [ array (
  0 => 'adminModuleName',
  1 => 'thisController',
  2 => 'thisAction',
  3 => 'thisRequest',
  4 => 'thisControllerJsPath',
  5 => 'autoloadJs',
  6 => 'isSuperAdmin',
  7 => 'version',
  8 => 'getSystemTaobaoAccountList',
  9 => 'getCampaignTypeList',
  10 => 'getItemStatusList',
  11 => 'getModeList',
  12 => 'getStatusList',
) ]
[2021-06-04 11:15:47][info] [ VIEW ] /app/app/admin/view/mall/taolijin_goods/index.html [ array (
  0 => 'adminModuleName',
  1 => 'thisController',
  2 => 'thisAction',
  3 => 'thisRequest',
  4 => 'thisControllerJsPath',
  5 => 'autoloadJs',
  6 => 'isSuperAdmin',
  7 => 'version',
  8 => 'getSystemTaobaoAccountList',
  9 => 'getCampaignTypeList',
  10 => 'getItemStatusList',
  11 => 'getModeList',
  12 => 'getStatusList',
) ]
[2021-06-04 11:15:53][info] [ VIEW ] /app/app/admin/view/mall/taolijin_goods/add.html [ array (
  0 => 'adminModuleName',
  1 => 'thisController',
  2 => 'thisAction',
  3 => 'thisRequest',
  4 => 'thisControllerJsPath',
  5 => 'autoloadJs',
  6 => 'isSuperAdmin',
  7 => 'version',
  8 => 'getSystemTaobaoAccountList',
  9 => 'getCampaignTypeList',
  10 => 'getItemStatusList',
  11 => 'getModeList',
  12 => 'getStatusList',
) ]
[2021-06-04 11:17:40][info] [ VIEW ] /app/app/admin/view/mall/taolijin_goods/add.html [ array (
  0 => 'adminModuleName',
  1 => 'thisController',
  2 => 'thisAction',
  3 => 'thisRequest',
  4 => 'thisControllerJsPath',
  5 => 'autoloadJs',
  6 => 'isSuperAdmin',
  7 => 'version',
  8 => 'getSystemTaobaoAccountList',
  9 => 'getCampaignTypeList',
  10 => 'getItemStatusList',
  11 => 'getModeList',
  12 => 'getStatusList',
) ]
[2021-06-04 11:18:26][info] [ VIEW ] /app/app/admin/view/mall/taolijin_goods/index.html [ array (
  0 => 'adminModuleName',
  1 => 'thisController',
  2 => 'thisAction',
  3 => 'thisRequest',
  4 => 'thisControllerJsPath',
  5 => 'autoloadJs',
  6 => 'isSuperAdmin',
  7 => 'version',
  8 => 'getSystemTaobaoAccountList',
  9 => 'getCampaignTypeList',
  10 => 'getItemStatusList',
  11 => 'getModeList',
  12 => 'getStatusList',
) ]
[2021-06-04 11:20:25][info] [ VIEW ] /app/app/admin/view/mall/taolijin_goods/add.html [ array (
  0 => 'adminModuleName',
  1 => 'thisController',
  2 => 'thisAction',
  3 => 'thisRequest',
  4 => 'thisControllerJsPath',
  5 => 'autoloadJs',
  6 => 'isSuperAdmin',
  7 => 'version',
  8 => 'getSystemTaobaoAccountList',
  9 => 'getCampaignTypeList',
  10 => 'getItemStatusList',
  11 => 'getModeList',
  12 => 'getStatusList',
) ]
[2021-06-04 11:21:08][info] [ VIEW ] /app/app/admin/view/mall/taolijin_goods/index.html [ array (
  0 => 'adminModuleName',
  1 => 'thisController',
  2 => 'thisAction',
  3 => 'thisRequest',
  4 => 'thisControllerJsPath',
  5 => 'autoloadJs',
  6 => 'isSuperAdmin',
  7 => 'version',
  8 => 'getSystemTaobaoAccountList',
  9 => 'getCampaignTypeList',
  10 => 'getItemStatusList',
  11 => 'getModeList',
  12 => 'getStatusList',
) ]
[2021-06-04 11:21:44][info] [ VIEW ] /app/app/admin/view/mall/taolijin_goods/add.html [ array (
  0 => 'adminModuleName',
  1 => 'thisController',
  2 => 'thisAction',
  3 => 'thisRequest',
  4 => 'thisControllerJsPath',
  5 => 'autoloadJs',
  6 => 'isSuperAdmin',
  7 => 'version',
  8 => 'getSystemTaobaoAccountList',
  9 => 'getCampaignTypeList',
  10 => 'getItemStatusList',
  11 => 'getModeList',
  12 => 'getStatusList',
) ]
[2021-06-04 11:23:11][info] [ VIEW ] /app/app/admin/view/mall/taolijin_goods/add.html [ array (
  0 => 'adminModuleName',
  1 => 'thisController',
  2 => 'thisAction',
  3 => 'thisRequest',
  4 => 'thisControllerJsPath',
  5 => 'autoloadJs',
  6 => 'isSuperAdmin',
  7 => 'version',
  8 => 'getSystemTaobaoAccountList',
  9 => 'getCampaignTypeList',
  10 => 'getItemStatusList',
  11 => 'getModeList',
  12 => 'getStatusList',
) ]
[2021-06-04 11:23:24][info] [ VIEW ] /app/app/admin/view/mall/taolijin_goods/index.html [ array (
  0 => 'adminModuleName',
  1 => 'thisController',
  2 => 'thisAction',
  3 => 'thisRequest',
  4 => 'thisControllerJsPath',
  5 => 'autoloadJs',
  6 => 'isSuperAdmin',
  7 => 'version',
  8 => 'getSystemTaobaoAccountList',
  9 => 'getCampaignTypeList',
  10 => 'getItemStatusList',
  11 => 'getModeList',
  12 => 'getStatusList',
) ]
[2021-06-04 11:27:42][info] [ VIEW ] /app/app/admin/view/mall/taolijin_goods/add.html [ array (
  0 => 'adminModuleName',
  1 => 'thisController',
  2 => 'thisAction',
  3 => 'thisRequest',
  4 => 'thisControllerJsPath',
  5 => 'autoloadJs',
  6 => 'isSuperAdmin',
  7 => 'version',
  8 => 'getSystemTaobaoAccountList',
  9 => 'getCampaignTypeList',
  10 => 'getItemStatusList',
  11 => 'getModeList',
  12 => 'getStatusList',
) ]
[2021-06-04 11:28:02][info] [ VIEW ] /app/app/admin/view/mall/taolijin_goods/index.html [ array (
  0 => 'adminModuleName',
  1 => 'thisController',
  2 => 'thisAction',
  3 => 'thisRequest',
  4 => 'thisControllerJsPath',
  5 => 'autoloadJs',
  6 => 'isSuperAdmin',
  7 => 'version',
  8 => 'getSystemTaobaoAccountList',
  9 => 'getCampaignTypeList',
  10 => 'getItemStatusList',
  11 => 'getModeList',
  12 => 'getStatusList',
) ]
[2021-06-04 11:38:44][error] [8]未定义数组索引: openid
[2021-06-04 11:39:02][info] [ VIEW ] /app/app/common/tpl/dispatch_jump.tpl [ array (
  0 => 'adminModuleName',
  1 => 'thisController',
  2 => 'thisAction',
  3 => 'thisRequest',
  4 => 'thisControllerJsPath',
  5 => 'autoloadJs',
  6 => 'isSuperAdmin',
  7 => 'version',
  8 => 'code',
  9 => 'msg',
  10 => 'data',
  11 => 'url',
  12 => 'wait',
) ]
[2021-06-04 14:15:06][info] [ VIEW ] /app/app/admin/view/mall/taolijin_goods/add.html [ array (
  0 => 'adminModuleName',
  1 => 'thisController',
  2 => 'thisAction',
  3 => 'thisRequest',
  4 => 'thisControllerJsPath',
  5 => 'autoloadJs',
  6 => 'isSuperAdmin',
  7 => 'version',
  8 => 'getSystemTaobaoAccountList',
  9 => 'getCampaignTypeList',
  10 => 'getItemStatusList',
  11 => 'getModeList',
  12 => 'getStatusList',
) ]
[2021-06-04 14:37:30][info] [ VIEW ] /app/app/admin/view/mall/taolijin_goods/add.html [ array (
  0 => 'adminModuleName',
  1 => 'thisController',
  2 => 'thisAction',
  3 => 'thisRequest',
  4 => 'thisControllerJsPath',
  5 => 'autoloadJs',
  6 => 'isSuperAdmin',
  7 => 'version',
  8 => 'getSystemTaobaoAccountList',
  9 => 'getCampaignTypeList',
  10 => 'getItemStatusList',
  11 => 'getModeList',
  12 => 'getStatusList',
) ]
[2021-06-04 14:57:17][info] [ VIEW ] /app/app/admin/view/mall/taolijin_goods/add.html [ array (
  0 => 'adminModuleName',
  1 => 'thisController',
  2 => 'thisAction',
  3 => 'thisRequest',
  4 => 'thisControllerJsPath',
  5 => 'autoloadJs',
  6 => 'isSuperAdmin',
  7 => 'version',
  8 => 'getSystemTaobaoAccountList',
  9 => 'getCampaignTypeList',
  10 => 'getItemStatusList',
  11 => 'getModeList',
  12 => 'getStatusList',
) ]
[2021-06-04 15:04:38][info] [ VIEW ] /app/app/admin/view/mall/taolijin_goods/edit.html [ array (
  0 => 'adminModuleName',
  1 => 'thisController',
  2 => 'thisAction',
  3 => 'thisRequest',
  4 => 'thisControllerJsPath',
  5 => 'autoloadJs',
  6 => 'isSuperAdmin',
  7 => 'version',
  8 => 'getSystemTaobaoAccountList',
  9 => 'getCampaignTypeList',
  10 => 'getItemStatusList',
  11 => 'getModeList',
  12 => 'getStatusList',
  13 => 'row',
) ]
[2021-06-04 15:13:12][info] [ VIEW ] /app/app/admin/view/mall/taolijin_goods/edit.html [ array (
  0 => 'adminModuleName',
  1 => 'thisController',
  2 => 'thisAction',
  3 => 'thisRequest',
  4 => 'thisControllerJsPath',
  5 => 'autoloadJs',
  6 => 'isSuperAdmin',
  7 => 'version',
  8 => 'getSystemTaobaoAccountList',
  9 => 'getCampaignTypeList',
  10 => 'getItemStatusList',
  11 => 'getModeList',
  12 => 'getStatusList',
  13 => 'row',
) ]
[2021-06-04 15:49:16][info] [ VIEW ] /app/app/admin/view/mall/taolijin_goods/add.html [ array (
  0 => 'adminModuleName',
  1 => 'thisController',
  2 => 'thisAction',
  3 => 'thisRequest',
  4 => 'thisControllerJsPath',
  5 => 'autoloadJs',
  6 => 'isSuperAdmin',
  7 => 'version',
  8 => 'getSystemTaobaoAccountList',
  9 => 'getCampaignTypeList',
  10 => 'getItemStatusList',
  11 => 'getModeList',
  12 => 'getStatusList',
) ]
